\BOOKMARK [0][-]{chapter.1}{\376\377\0001\000\040\000N\000a\000m\000e\000s\000p\000a\000c\000e\000\040\000I\000n\000d\000e\000x}{}% 1
\BOOKMARK [1][-]{section.1.1}{\376\377\0001\000.\0001\000\040\000N\000a\000m\000e\000s\000p\000a\000c\000e\000\040\000L\000i\000s\000t}{chapter.1}% 2
\BOOKMARK [0][-]{chapter.2}{\376\377\0002\000\040\000H\000i\000e\000r\000a\000r\000c\000h\000i\000c\000a\000l\000\040\000I\000n\000d\000e\000x}{}% 3
\BOOKMARK [1][-]{section.2.1}{\376\377\0002\000.\0001\000\040\000C\000l\000a\000s\000s\000\040\000H\000i\000e\000r\000a\000r\000c\000h\000y}{chapter.2}% 4
\BOOKMARK [0][-]{chapter.3}{\376\377\0003\000\040\000C\000l\000a\000s\000s\000\040\000I\000n\000d\000e\000x}{}% 5
\BOOKMARK [1][-]{section.3.1}{\376\377\0003\000.\0001\000\040\000C\000l\000a\000s\000s\000\040\000L\000i\000s\000t}{chapter.3}% 6
\BOOKMARK [0][-]{chapter.4}{\376\377\0004\000\040\000F\000i\000l\000e\000\040\000I\000n\000d\000e\000x}{}% 7
\BOOKMARK [1][-]{section.4.1}{\376\377\0004\000.\0001\000\040\000F\000i\000l\000e\000\040\000L\000i\000s\000t}{chapter.4}% 8
\BOOKMARK [0][-]{chapter.5}{\376\377\0005\000\040\000N\000a\000m\000e\000s\000p\000a\000c\000e\000\040\000D\000o\000c\000u\000m\000e\000n\000t\000a\000t\000i\000o\000n}{}% 9
\BOOKMARK [1][-]{section.5.1}{\376\377\0005\000.\0001\000\040\000E\000P\000\040\000N\000a\000m\000e\000s\000p\000a\000c\000e\000\040\000R\000e\000f\000e\000r\000e\000n\000c\000e}{chapter.5}% 10
\BOOKMARK [2][-]{subsection.5.1.1}{\376\377\0005\000.\0001\000.\0001\000\040\000F\000u\000n\000c\000t\000i\000o\000n\000\040\000D\000o\000c\000u\000m\000e\000n\000t\000a\000t\000i\000o\000n}{section.5.1}% 11
\BOOKMARK [3][-]{subsubsection.5.1.1.1}{\376\377\0005\000.\0001\000.\0001\000.\0001\000\040\000d\000e\000c\000l\000s\000p\000e\000c\000\050\000d\000l\000l\000e\000x\000p\000o\000r\000t\000\051\000\040\000C\000o\000r\000e\000\040\000*\000C\000o\000r\000e\000N\000e\000w\000\050\000c\000h\000a\000r\000\040\000*\000f\000i\000l\000e\000\051}{subsection.5.1.1}% 12
\BOOKMARK [3][-]{subsubsection.5.1.1.2}{\376\377\0005\000.\0001\000.\0001\000.\0002\000\040\000C\000o\000r\000e\000D\000e\000l\000e\000t\000e\000\050\000C\000o\000r\000e\000\040\000*\000c\000o\000r\000e\000\051}{subsection.5.1.1}% 13
\BOOKMARK [3][-]{subsubsection.5.1.1.3}{\376\377\0005\000.\0001\000.\0001\000.\0003\000\040\000C\000o\000r\000e\000N\000e\000w\000\050\000c\000h\000a\000r\000\040\000*\000f\000i\000l\000e\000\051}{subsection.5.1.1}% 14
\BOOKMARK [3][-]{subsubsection.5.1.1.4}{\376\377\0005\000.\0001\000.\0001\000.\0004\000\040\000C\000o\000r\000e\000N\000e\000w\000F\000r\000o\000m\000S\000a\000v\000e\000\050\000c\000h\000a\000r\000\040\000*\000f\000i\000l\000e\000\051}{subsection.5.1.1}% 15
\BOOKMARK [3][-]{subsubsection.5.1.1.5}{\376\377\0005\000.\0001\000.\0001\000.\0005\000\040\000C\000o\000r\000e\000S\000a\000v\000e\000A\000n\000d\000D\000e\000l\000e\000t\000e\000\050\000C\000o\000r\000e\000\040\000*\000c\000o\000r\000e\000\051}{subsection.5.1.1}% 16
\BOOKMARK [3][-]{subsubsection.5.1.1.6}{\376\377\0005\000.\0001\000.\0001\000.\0006\000\040\000E\000q\000u\000i\000p\000m\000e\000n\000t\000g\000e\000t\000I\000p\000F\000i\000b\000a\000r\000o\000\050\000\051}{subsection.5.1.1}% 17
\BOOKMARK [3][-]{subsubsection.5.1.1.7}{\376\377\0005\000.\0001\000.\0001\000.\0007\000\040\000E\000q\000u\000i\000p\000m\000e\000n\000t\000g\000e\000t\000I\000p\000K\000i\000r\000a\000\050\000\051}{subsection.5.1.1}% 18
\BOOKMARK [3][-]{subsubsection.5.1.1.8}{\376\377\0005\000.\0001\000.\0001\000.\0008\000\040\000E\000q\000u\000i\000p\000m\000e\000n\000t\000g\000e\000t\000L\000o\000g\000i\000n\000F\000i\000b\000a\000r\000o\000\050\000\051}{subsection.5.1.1}% 19
\BOOKMARK [3][-]{subsubsection.5.1.1.9}{\376\377\0005\000.\0001\000.\0001\000.\0009\000\040\000E\000q\000u\000i\000p\000m\000e\000n\000t\000g\000e\000t\000P\000a\000s\000s\000w\000o\000r\000d\000F\000i\000b\000a\000r\000o\000\050\000\051}{subsection.5.1.1}% 20
\BOOKMARK [3][-]{subsubsection.5.1.1.10}{\376\377\0005\000.\0001\000.\0001\000.\0001\0000\000\040\000E\000q\000u\000i\000p\000m\000e\000n\000t\000s\000e\000t\000I\000p\000F\000i\000b\000a\000r\000o\000\050\000c\000h\000a\000r\000\040\000*\000n\000e\000w\000i\000p\000\051}{subsection.5.1.1}% 21
\BOOKMARK [3][-]{subsubsection.5.1.1.11}{\376\377\0005\000.\0001\000.\0001\000.\0001\0001\000\040\000E\000q\000u\000i\000p\000m\000e\000n\000t\000s\000e\000t\000I\000p\000K\000i\000r\000a\000\050\000c\000h\000a\000r\000\040\000*\000n\000e\000w\000i\000p\000\051}{subsection.5.1.1}% 22
\BOOKMARK [3][-]{subsubsection.5.1.1.12}{\376\377\0005\000.\0001\000.\0001\000.\0001\0002\000\040\000E\000q\000u\000i\000p\000m\000e\000n\000t\000s\000e\000t\000L\000o\000g\000i\000n\000F\000i\000b\000a\000r\000o\000\050\000c\000h\000a\000r\000\040\000*\000n\000e\000w\000l\000o\000g\000i\000n\000\051}{subsection.5.1.1}% 23
\BOOKMARK [3][-]{subsubsection.5.1.1.13}{\376\377\0005\000.\0001\000.\0001\000.\0001\0003\000\040\000E\000q\000u\000i\000p\000m\000e\000n\000t\000s\000e\000t\000P\000a\000s\000s\000w\000o\000r\000d\000F\000i\000b\000a\000r\000o\000\050\000c\000h\000a\000r\000\040\000*\000n\000e\000w\000p\000a\000s\000s\000w\000o\000r\000d\000\051}{subsection.5.1.1}% 24
\BOOKMARK [3][-]{subsubsection.5.1.1.14}{\376\377\0005\000.\0001\000.\0001\000.\0001\0004\000\040\000E\000q\000u\000i\000p\000m\000e\000n\000t\000F\000i\000b\000a\000r\000o\000D\000e\000l\000e\000t\000e\000\050\000E\000q\000u\000i\000p\000m\000e\000n\000t\000F\000i\000b\000a\000r\000o\000\040\000*\000e\000q\000\051}{subsection.5.1.1}% 25
\BOOKMARK [3][-]{subsubsection.5.1.1.15}{\376\377\0005\000.\0001\000.\0001\000.\0001\0005\000\040\000E\000q\000u\000i\000p\000m\000e\000n\000t\000F\000i\000b\000a\000r\000o\000N\000e\000w\000\050\000c\000h\000a\000r\000\040\000*\000n\000a\000m\000e\000,\000\040\000c\000h\000a\000r\000\040\000*\000i\000c\000o\000,\000\040\000N\000o\000d\000e\000\040\000*\000p\000a\000r\000e\000n\000t\000,\000\040\000i\000n\000t\000\040\000e\000q\000u\000i\000p\000m\000e\000n\000t\000I\000d\000,\000\040\000c\000h\000a\000r\000\040\000*\000a\000c\000t\000i\000o\000n\000\051}{subsection.5.1.1}% 26
\BOOKMARK [3][-]{subsubsection.5.1.1.16}{\376\377\0005\000.\0001\000.\0001\000.\0001\0006\000\040\000E\000q\000u\000i\000p\000m\000e\000n\000t\000K\000i\000r\000a\000D\000e\000l\000e\000t\000e\000\050\000E\000q\000u\000i\000p\000m\000e\000n\000t\000K\000i\000r\000a\000\040\000*\000e\000q\000\051}{subsection.5.1.1}% 27
\BOOKMARK [3][-]{subsubsection.5.1.1.17}{\376\377\0005\000.\0001\000.\0001\000.\0001\0007\000\040\000E\000q\000u\000i\000p\000m\000e\000n\000t\000K\000i\000r\000a\000N\000e\000w\000\050\000c\000h\000a\000r\000\040\000*\000n\000a\000m\000e\000,\000\040\000c\000h\000a\000r\000\040\000*\000i\000c\000o\000,\000\040\000N\000o\000d\000e\000\040\000*\000p\000a\000r\000e\000n\000t\000,\000\040\000i\000n\000t\000\040\000b\000u\000t\000t\000o\000n\000I\000d\000,\000\040\000i\000n\000t\000\040\000p\000a\000g\000e\000\051}{subsection.5.1.1}% 28
\BOOKMARK [3][-]{subsubsection.5.1.1.18}{\376\377\0005\000.\0001\000.\0001\000.\0001\0008\000\040\000N\000o\000d\000e\000D\000e\000l\000e\000t\000e\000\050\000N\000o\000d\000e\000\040\000*\000n\000o\000d\000e\000\051}{subsection.5.1.1}% 29
\BOOKMARK [3][-]{subsubsection.5.1.1.19}{\376\377\0005\000.\0001\000.\0001\000.\0001\0009\000\040\000N\000o\000d\000e\000N\000e\000w\000\050\000c\000h\000a\000r\000\040\000*\000n\000a\000m\000e\000,\000\040\000c\000h\000a\000r\000\040\000*\000i\000c\000o\000\051}{subsection.5.1.1}% 30
\BOOKMARK [3][-]{subsubsection.5.1.1.20}{\376\377\0005\000.\0001\000.\0001\000.\0002\0000\000\040\000r\000e\000q\000u\000e\000t\000e\000H\000t\000t\000p\000F\000i\000b\000a\000r\000o\000\050\000c\000h\000a\000r\000\040\000*\000s\0001\000,\000\040\000c\000h\000a\000r\000\040\000*\000s\0002\000,\000\040\000c\000h\000a\000r\000\040\000*\000u\000s\000e\000r\000,\000\040\000c\000h\000a\000r\000\040\000*\000p\000a\000s\000s\000\051}{subsection.5.1.1}% 31
\BOOKMARK [3][-]{subsubsection.5.1.1.21}{\376\377\0005\000.\0001\000.\0001\000.\0002\0001\000\040\000r\000e\000q\000u\000e\000t\000e\000H\000t\000t\000p\000K\000i\000r\000a\000\050\000c\000h\000a\000r\000\040\000*\000s\0001\000,\000\040\000c\000h\000a\000r\000\040\000*\000s\0002\000\051}{subsection.5.1.1}% 32
\BOOKMARK [3][-]{subsubsection.5.1.1.22}{\376\377\0005\000.\0001\000.\0001\000.\0002\0002\000\040\000R\000o\000o\000m\000D\000e\000l\000e\000t\000e\000\050\000R\000o\000o\000m\000\040\000*\000r\000o\000o\000m\000\051}{subsection.5.1.1}% 33
\BOOKMARK [3][-]{subsubsection.5.1.1.23}{\376\377\0005\000.\0001\000.\0001\000.\0002\0003\000\040\000R\000o\000o\000m\000N\000e\000w\000\050\000c\000h\000a\000r\000\040\000*\000n\000a\000m\000e\000,\000\040\000c\000h\000a\000r\000\040\000*\000i\000c\000o\000\051}{subsection.5.1.1}% 34
\BOOKMARK [2][-]{subsection.5.1.2}{\376\377\0005\000.\0001\000.\0002\000\040\000V\000a\000r\000i\000a\000b\000l\000e\000\040\000D\000o\000c\000u\000m\000e\000n\000t\000a\000t\000i\000o\000n}{section.5.1}% 35
\BOOKMARK [3][-]{subsubsection.5.1.2.1}{\376\377\0005\000.\0001\000.\0002\000.\0001\000\040\000a\000c\000t\000i\000o\000n}{subsection.5.1.2}% 36
\BOOKMARK [3][-]{subsubsection.5.1.2.2}{\376\377\0005\000.\0001\000.\0002\000.\0002\000\040\000b\000u\000t\000t\000o\000n\000I\000d}{subsection.5.1.2}% 37
\BOOKMARK [3][-]{subsubsection.5.1.2.3}{\376\377\0005\000.\0001\000.\0002\000.\0003\000\040\000e\000q\000u\000i\000p\000m\000e\000n\000t\000I\000d}{subsection.5.1.2}% 38
\BOOKMARK [3][-]{subsubsection.5.1.2.4}{\376\377\0005\000.\0001\000.\0002\000.\0004\000\040\000i\000c\000o}{subsection.5.1.2}% 39
\BOOKMARK [3][-]{subsubsection.5.1.2.5}{\376\377\0005\000.\0001\000.\0002\000.\0005\000\040\000p\000a\000g\000e}{subsection.5.1.2}% 40
\BOOKMARK [3][-]{subsubsection.5.1.2.6}{\376\377\0005\000.\0001\000.\0002\000.\0006\000\040\000p\000a\000r\000e\000n\000t}{subsection.5.1.2}% 41
\BOOKMARK [0][-]{chapter.6}{\376\377\0006\000\040\000C\000l\000a\000s\000s\000\040\000D\000o\000c\000u\000m\000e\000n\000t\000a\000t\000i\000o\000n}{}% 42
\BOOKMARK [1][-]{section.6.1}{\376\377\0006\000.\0001\000\040\000E\000P\000:\000:\000C\000o\000r\000e\000\040\000C\000l\000a\000s\000s\000\040\000R\000e\000f\000e\000r\000e\000n\000c\000e}{chapter.6}% 43
\BOOKMARK [2][-]{subsection.6.1.1}{\376\377\0006\000.\0001\000.\0001\000\040\000D\000e\000t\000a\000i\000l\000e\000d\000\040\000D\000e\000s\000c\000r\000i\000p\000t\000i\000o\000n}{section.6.1}% 44
\BOOKMARK [2][-]{subsection.6.1.2}{\376\377\0006\000.\0001\000.\0002\000\040\000C\000o\000n\000s\000t\000r\000u\000c\000t\000o\000r\000\040\000\046\000\040\000D\000e\000s\000t\000r\000u\000c\000t\000o\000r\000\040\000D\000o\000c\000u\000m\000e\000n\000t\000a\000t\000i\000o\000n}{section.6.1}% 45
\BOOKMARK [3][-]{subsubsection.6.1.2.1}{\376\377\0006\000.\0001\000.\0002\000.\0001\000\040\000C\000o\000r\000e\000\050\000c\000h\000a\000r\000\040\000*\000f\000i\000l\000e\000\051}{subsection.6.1.2}% 46
\BOOKMARK [3][-]{subsubsection.6.1.2.2}{\376\377\0006\000.\0001\000.\0002\000.\0002\000\040\000\040\000C\000o\000r\000e\000\050\000\051}{subsection.6.1.2}% 47
\BOOKMARK [2][-]{subsection.6.1.3}{\376\377\0006\000.\0001\000.\0003\000\040\000M\000e\000m\000b\000e\000r\000\040\000F\000u\000n\000c\000t\000i\000o\000n\000\040\000D\000o\000c\000u\000m\000e\000n\000t\000a\000t\000i\000o\000n}{section.6.1}% 48
\BOOKMARK [3][-]{subsubsection.6.1.3.1}{\376\377\0006\000.\0001\000.\0003\000.\0001\000\040\000a\000d\000d\000R\000o\000o\000m\000\050\000R\000o\000o\000m\000\040\000*\000r\000o\000o\000m\000\051}{subsection.6.1.3}% 49
\BOOKMARK [3][-]{subsubsection.6.1.3.2}{\376\377\0006\000.\0001\000.\0003\000.\0002\000\040\000d\000e\000l\000e\000t\000e\000R\000o\000o\000m\000B\000y\000I\000n\000d\000e\000x\000\050\000i\000n\000t\000\040\000i\000n\000d\000e\000x\000\051}{subsection.6.1.3}% 50
\BOOKMARK [3][-]{subsubsection.6.1.3.3}{\376\377\0006\000.\0001\000.\0003\000.\0003\000\040\000d\000e\000l\000e\000t\000e\000R\000o\000o\000m\000B\000y\000N\000a\000m\000e\000\050\000c\000h\000a\000r\000\040\000*\000n\000a\000m\000e\000\051}{subsection.6.1.3}% 51
\BOOKMARK [3][-]{subsubsection.6.1.3.4}{\376\377\0006\000.\0001\000.\0003\000.\0004\000\040\000g\000e\000t\000C\000O\000M\000P\000o\000r\000t\000\050\000\051}{subsection.6.1.3}% 52
\BOOKMARK [3][-]{subsubsection.6.1.3.5}{\376\377\0006\000.\0001\000.\0003\000.\0005\000\040\000g\000e\000t\000F\000i\000l\000e\000S\000a\000v\000e\000\050\000\051}{subsection.6.1.3}% 53
\BOOKMARK [3][-]{subsubsection.6.1.3.6}{\376\377\0006\000.\0001\000.\0003\000.\0006\000\040\000g\000e\000t\000I\000c\000o\000n\000S\000i\000z\000e\000\050\000\051}{subsection.6.1.3}% 54
\BOOKMARK [3][-]{subsubsection.6.1.3.7}{\376\377\0006\000.\0001\000.\0003\000.\0007\000\040\000g\000e\000t\000N\000u\000m\000b\000e\000r\000R\000o\000o\000m\000s\000\050\000\051}{subsection.6.1.3}% 55
\BOOKMARK [3][-]{subsubsection.6.1.3.8}{\376\377\0006\000.\0001\000.\0003\000.\0008\000\040\000g\000e\000t\000R\000o\000o\000m\000B\000y\000I\000n\000d\000e\000x\000\050\000i\000n\000t\000\040\000i\000n\000d\000e\000x\000\051}{subsection.6.1.3}% 56
\BOOKMARK [3][-]{subsubsection.6.1.3.9}{\376\377\0006\000.\0001\000.\0003\000.\0009\000\040\000g\000e\000t\000R\000o\000o\000m\000B\000y\000N\000a\000m\000e\000\050\000c\000h\000a\000r\000\040\000*\000n\000a\000m\000e\000\051}{subsection.6.1.3}% 57
\BOOKMARK [3][-]{subsubsection.6.1.3.10}{\376\377\0006\000.\0001\000.\0003\000.\0001\0000\000\040\000g\000e\000t\000R\000o\000o\000m\000s\000\050\000\051}{subsection.6.1.3}% 58
\BOOKMARK [3][-]{subsubsection.6.1.3.11}{\376\377\0006\000.\0001\000.\0003\000.\0001\0001\000\040\000g\000e\000t\000T\000h\000e\000m\000e\000I\000d\000\050\000\051}{subsection.6.1.3}% 59
\BOOKMARK [3][-]{subsubsection.6.1.3.12}{\376\377\0006\000.\0001\000.\0003\000.\0001\0002\000\040\000l\000o\000a\000d\000\050\000\051}{subsection.6.1.3}% 60
\BOOKMARK [3][-]{subsubsection.6.1.3.13}{\376\377\0006\000.\0001\000.\0003\000.\0001\0003\000\040\000s\000a\000v\000e\000\050\000\051}{subsection.6.1.3}% 61
\BOOKMARK [3][-]{subsubsection.6.1.3.14}{\376\377\0006\000.\0001\000.\0003\000.\0001\0004\000\040\000s\000e\000t\000C\000O\000M\000P\000o\000r\000t\000\050\000c\000h\000a\000r\000\040\000*\000p\000o\000r\000t\000\051}{subsection.6.1.3}% 62
\BOOKMARK [3][-]{subsubsection.6.1.3.15}{\376\377\0006\000.\0001\000.\0003\000.\0001\0005\000\040\000s\000e\000t\000F\000i\000l\000e\000S\000a\000v\000e\000\050\000c\000h\000a\000r\000\040\000*\000n\000a\000m\000e\000\051}{subsection.6.1.3}% 63
\BOOKMARK [3][-]{subsubsection.6.1.3.16}{\376\377\0006\000.\0001\000.\0003\000.\0001\0006\000\040\000s\000e\000t\000I\000c\000o\000n\000S\000i\000z\000e\000\050\000i\000n\000t\000\040\000s\000i\000z\000e\000\051}{subsection.6.1.3}% 64
\BOOKMARK [3][-]{subsubsection.6.1.3.17}{\376\377\0006\000.\0001\000.\0003\000.\0001\0007\000\040\000s\000e\000t\000T\000h\000e\000m\000e\000I\000d\000\050\000i\000n\000t\000\040\000i\000d\000\051}{subsection.6.1.3}% 65
\BOOKMARK [1][-]{section.6.2}{\376\377\0006\000.\0002\000\040\000E\000P\000:\000:\000E\000q\000u\000i\000p\000m\000e\000n\000t\000\040\000C\000l\000a\000s\000s\000\040\000R\000e\000f\000e\000r\000e\000n\000c\000e}{chapter.6}% 66
\BOOKMARK [2][-]{subsection.6.2.1}{\376\377\0006\000.\0002\000.\0001\000\040\000D\000e\000t\000a\000i\000l\000e\000d\000\040\000D\000e\000s\000c\000r\000i\000p\000t\000i\000o\000n}{section.6.2}% 67
\BOOKMARK [2][-]{subsection.6.2.2}{\376\377\0006\000.\0002\000.\0002\000\040\000C\000o\000n\000s\000t\000r\000u\000c\000t\000o\000r\000\040\000\046\000\040\000D\000e\000s\000t\000r\000u\000c\000t\000o\000r\000\040\000D\000o\000c\000u\000m\000e\000n\000t\000a\000t\000i\000o\000n}{section.6.2}% 68
\BOOKMARK [3][-]{subsubsection.6.2.2.1}{\376\377\0006\000.\0002\000.\0002\000.\0001\000\040\000E\000q\000u\000i\000p\000m\000e\000n\000t\000\050\000c\000h\000a\000r\000\040\000*\000n\000a\000m\000e\000,\000\040\000c\000h\000a\000r\000\040\000*\000i\000c\000o\000,\000\040\000N\000o\000d\000e\000\040\000*\000p\000a\000r\000e\000n\000t\000,\000\040\000i\000n\000t\000\040\000t\000y\000p\000e\000O\000f\000\051}{subsection.6.2.2}% 69
\BOOKMARK [3][-]{subsubsection.6.2.2.2}{\376\377\0006\000.\0002\000.\0002\000.\0002\000\040\000\040\000E\000q\000u\000i\000p\000m\000e\000n\000t\000\050\000\051}{subsection.6.2.2}% 70
\BOOKMARK [2][-]{subsection.6.2.3}{\376\377\0006\000.\0002\000.\0003\000\040\000M\000e\000m\000b\000e\000r\000\040\000F\000u\000n\000c\000t\000i\000o\000n\000\040\000D\000o\000c\000u\000m\000e\000n\000t\000a\000t\000i\000o\000n}{section.6.2}% 71
\BOOKMARK [3][-]{subsubsection.6.2.3.1}{\376\377\0006\000.\0002\000.\0003\000.\0001\000\040\000g\000e\000t\000I\000p\000F\000i\000b\000a\000r\000o\000\050\000\051}{subsection.6.2.3}% 72
\BOOKMARK [3][-]{subsubsection.6.2.3.2}{\376\377\0006\000.\0002\000.\0003\000.\0002\000\040\000g\000e\000t\000I\000p\000K\000i\000r\000a\000\050\000\051}{subsection.6.2.3}% 73
\BOOKMARK [3][-]{subsubsection.6.2.3.3}{\376\377\0006\000.\0002\000.\0003\000.\0003\000\040\000g\000e\000t\000L\000o\000g\000i\000n\000F\000i\000b\000a\000r\000o\000\050\000\051}{subsection.6.2.3}% 74
\BOOKMARK [3][-]{subsubsection.6.2.3.4}{\376\377\0006\000.\0002\000.\0003\000.\0004\000\040\000g\000e\000t\000N\000o\000d\000e\000P\000a\000r\000e\000n\000t\000\050\000\051}{subsection.6.2.3}% 75
\BOOKMARK [3][-]{subsubsection.6.2.3.5}{\376\377\0006\000.\0002\000.\0003\000.\0005\000\040\000g\000e\000t\000P\000a\000s\000s\000w\000o\000r\000d\000F\000i\000b\000a\000r\000o\000\050\000\051}{subsection.6.2.3}% 76
\BOOKMARK [3][-]{subsubsection.6.2.3.6}{\376\377\0006\000.\0002\000.\0003\000.\0006\000\040\000g\000e\000t\000T\000y\000p\000e\000O\000f\000\050\000\051}{subsection.6.2.3}% 77
\BOOKMARK [3][-]{subsubsection.6.2.3.7}{\376\377\0006\000.\0002\000.\0003\000.\0007\000\040\000s\000e\000n\000d\000R\000e\000q\000u\000e\000s\000t\000\050\000\051\000=\0000}{subsection.6.2.3}% 78
\BOOKMARK [3][-]{subsubsection.6.2.3.8}{\376\377\0006\000.\0002\000.\0003\000.\0008\000\040\000s\000e\000t\000I\000p\000F\000i\000b\000a\000r\000o\000\050\000c\000h\000a\000r\000\040\000*\000n\000e\000w\000i\000p\000\051}{subsection.6.2.3}% 79
\BOOKMARK [3][-]{subsubsection.6.2.3.9}{\376\377\0006\000.\0002\000.\0003\000.\0009\000\040\000s\000e\000t\000I\000p\000K\000i\000r\000a\000\050\000c\000h\000a\000r\000\040\000*\000n\000e\000w\000i\000p\000\051}{subsection.6.2.3}% 80
\BOOKMARK [3][-]{subsubsection.6.2.3.10}{\376\377\0006\000.\0002\000.\0003\000.\0001\0000\000\040\000s\000e\000t\000L\000o\000g\000i\000n\000F\000i\000b\000a\000r\000o\000\050\000c\000h\000a\000r\000\040\000*\000n\000e\000w\000l\000o\000g\000i\000n\000\051}{subsection.6.2.3}% 81
\BOOKMARK [3][-]{subsubsection.6.2.3.11}{\376\377\0006\000.\0002\000.\0003\000.\0001\0001\000\040\000s\000e\000t\000P\000a\000s\000s\000w\000o\000r\000d\000F\000i\000b\000a\000r\000o\000\050\000c\000h\000a\000r\000\040\000*\000n\000e\000w\000p\000a\000s\000s\000w\000o\000r\000d\000\051}{subsection.6.2.3}% 82
\BOOKMARK [2][-]{subsection.6.2.4}{\376\377\0006\000.\0002\000.\0004\000\040\000M\000e\000m\000b\000e\000r\000\040\000D\000a\000t\000a\000\040\000D\000o\000c\000u\000m\000e\000n\000t\000a\000t\000i\000o\000n}{section.6.2}% 83
\BOOKMARK [3][-]{subsubsection.6.2.4.1}{\376\377\0006\000.\0002\000.\0004\000.\0001\000\040\000F\000i\000b\000a\000r\000o\000l\000o\000g\000i\000n}{subsection.6.2.4}% 84
\BOOKMARK [3][-]{subsubsection.6.2.4.2}{\376\377\0006\000.\0002\000.\0004\000.\0002\000\040\000F\000i\000b\000a\000r\000o\000p\000a\000s\000s\000w\000o\000r\000d}{subsection.6.2.4}% 85
\BOOKMARK [3][-]{subsubsection.6.2.4.3}{\376\377\0006\000.\0002\000.\0004\000.\0003\000\040\000I\000P\000F\000i\000b\000a\000r\000o}{subsection.6.2.4}% 86
\BOOKMARK [3][-]{subsubsection.6.2.4.4}{\376\377\0006\000.\0002\000.\0004\000.\0004\000\040\000I\000P\000K\000i\000r\000a}{subsection.6.2.4}% 87
\BOOKMARK [3][-]{subsubsection.6.2.4.5}{\376\377\0006\000.\0002\000.\0004\000.\0005\000\040\000m\000r\000o\000o\000m\000P\000a\000r\000e\000n\000t}{subsection.6.2.4}% 88
\BOOKMARK [3][-]{subsubsection.6.2.4.6}{\376\377\0006\000.\0002\000.\0004\000.\0006\000\040\000m\000t\000y\000p\000e\000O\000f}{subsection.6.2.4}% 89
\BOOKMARK [1][-]{section.6.3}{\376\377\0006\000.\0003\000\040\000E\000P\000:\000:\000E\000q\000u\000i\000p\000m\000e\000n\000t\000F\000i\000b\000a\000r\000o\000\040\000C\000l\000a\000s\000s\000\040\000R\000e\000f\000e\000r\000e\000n\000c\000e}{chapter.6}% 90
\BOOKMARK [2][-]{subsection.6.3.1}{\376\377\0006\000.\0003\000.\0001\000\040\000D\000e\000t\000a\000i\000l\000e\000d\000\040\000D\000e\000s\000c\000r\000i\000p\000t\000i\000o\000n}{section.6.3}% 91
\BOOKMARK [2][-]{subsection.6.3.2}{\376\377\0006\000.\0003\000.\0002\000\040\000C\000o\000n\000s\000t\000r\000u\000c\000t\000o\000r\000\040\000\046\000\040\000D\000e\000s\000t\000r\000u\000c\000t\000o\000r\000\040\000D\000o\000c\000u\000m\000e\000n\000t\000a\000t\000i\000o\000n}{section.6.3}% 92
\BOOKMARK [3][-]{subsubsection.6.3.2.1}{\376\377\0006\000.\0003\000.\0002\000.\0001\000\040\000E\000q\000u\000i\000p\000m\000e\000n\000t\000F\000i\000b\000a\000r\000o\000\050\000c\000h\000a\000r\000\040\000*\000n\000a\000m\000e\000,\000\040\000c\000h\000a\000r\000\040\000*\000i\000c\000o\000,\000\040\000N\000o\000d\000e\000\040\000*\000p\000a\000r\000e\000n\000t\000,\000\040\000i\000n\000t\000\040\000e\000q\000u\000i\000p\000m\000e\000n\000t\000I\000d\000,\000\040\000c\000h\000a\000r\000\040\000*\000a\000c\000t\000i\000o\000n\000\051}{subsection.6.3.2}% 93
\BOOKMARK [3][-]{subsubsection.6.3.2.2}{\376\377\0006\000.\0003\000.\0002\000.\0002\000\040\000\040\000E\000q\000u\000i\000p\000m\000e\000n\000t\000F\000i\000b\000a\000r\000o\000\050\000\051}{subsection.6.3.2}% 94
\BOOKMARK [2][-]{subsection.6.3.3}{\376\377\0006\000.\0003\000.\0003\000\040\000M\000e\000m\000b\000e\000r\000\040\000F\000u\000n\000c\000t\000i\000o\000n\000\040\000D\000o\000c\000u\000m\000e\000n\000t\000a\000t\000i\000o\000n}{section.6.3}% 95
\BOOKMARK [3][-]{subsubsection.6.3.3.1}{\376\377\0006\000.\0003\000.\0003\000.\0001\000\040\000g\000e\000t\000A\000c\000t\000i\000o\000n\000\050\000\051}{subsection.6.3.3}% 96
\BOOKMARK [3][-]{subsubsection.6.3.3.2}{\376\377\0006\000.\0003\000.\0003\000.\0002\000\040\000g\000e\000t\000E\000q\000u\000i\000p\000m\000e\000n\000t\000I\000d\000\050\000\051}{subsection.6.3.3}% 97
\BOOKMARK [3][-]{subsubsection.6.3.3.3}{\376\377\0006\000.\0003\000.\0003\000.\0003\000\040\000s\000e\000n\000d\000R\000e\000q\000u\000e\000s\000t\000\050\000\051}{subsection.6.3.3}% 98
\BOOKMARK [1][-]{section.6.4}{\376\377\0006\000.\0004\000\040\000E\000P\000:\000:\000E\000q\000u\000i\000p\000m\000e\000n\000t\000K\000i\000r\000a\000\040\000C\000l\000a\000s\000s\000\040\000R\000e\000f\000e\000r\000e\000n\000c\000e}{chapter.6}% 99
\BOOKMARK [2][-]{subsection.6.4.1}{\376\377\0006\000.\0004\000.\0001\000\040\000D\000e\000t\000a\000i\000l\000e\000d\000\040\000D\000e\000s\000c\000r\000i\000p\000t\000i\000o\000n}{section.6.4}% 100
\BOOKMARK [2][-]{subsection.6.4.2}{\376\377\0006\000.\0004\000.\0002\000\040\000C\000o\000n\000s\000t\000r\000u\000c\000t\000o\000r\000\040\000\046\000\040\000D\000e\000s\000t\000r\000u\000c\000t\000o\000r\000\040\000D\000o\000c\000u\000m\000e\000n\000t\000a\000t\000i\000o\000n}{section.6.4}% 101
\BOOKMARK [3][-]{subsubsection.6.4.2.1}{\376\377\0006\000.\0004\000.\0002\000.\0001\000\040\000E\000q\000u\000i\000p\000m\000e\000n\000t\000K\000i\000r\000a\000\050\000c\000h\000a\000r\000\040\000*\000n\000a\000m\000e\000,\000\040\000c\000h\000a\000r\000\040\000*\000i\000c\000o\000,\000\040\000N\000o\000d\000e\000\040\000*\000p\000a\000r\000e\000n\000t\000,\000\040\000i\000n\000t\000\040\000b\000u\000t\000t\000o\000n\000I\000d\000,\000\040\000i\000n\000t\000\040\000p\000a\000g\000e\000\051}{subsection.6.4.2}% 102
\BOOKMARK [3][-]{subsubsection.6.4.2.2}{\376\377\0006\000.\0004\000.\0002\000.\0002\000\040\000\040\000E\000q\000u\000i\000p\000m\000e\000n\000t\000K\000i\000r\000a\000\050\000\051}{subsection.6.4.2}% 103
\BOOKMARK [2][-]{subsection.6.4.3}{\376\377\0006\000.\0004\000.\0003\000\040\000M\000e\000m\000b\000e\000r\000\040\000F\000u\000n\000c\000t\000i\000o\000n\000\040\000D\000o\000c\000u\000m\000e\000n\000t\000a\000t\000i\000o\000n}{section.6.4}% 104
\BOOKMARK [3][-]{subsubsection.6.4.3.1}{\376\377\0006\000.\0004\000.\0003\000.\0001\000\040\000g\000e\000t\000B\000u\000t\000t\000o\000n\000I\000d\000\050\000\051}{subsection.6.4.3}% 105
\BOOKMARK [3][-]{subsubsection.6.4.3.2}{\376\377\0006\000.\0004\000.\0003\000.\0002\000\040\000g\000e\000t\000P\000a\000g\000e\000N\000u\000m\000b\000e\000r\000\050\000\051}{subsection.6.4.3}% 106
\BOOKMARK [3][-]{subsubsection.6.4.3.3}{\376\377\0006\000.\0004\000.\0003\000.\0003\000\040\000s\000e\000n\000d\000R\000e\000q\000u\000e\000s\000t\000\050\000\051}{subsection.6.4.3}% 107
\BOOKMARK [3][-]{subsubsection.6.4.3.4}{\376\377\0006\000.\0004\000.\0003\000.\0004\000\040\000s\000e\000t\000B\000u\000t\000t\000o\000n\000I\000d\000\050\000i\000n\000t\000\040\000n\000e\000w\000i\000d\000\051}{subsection.6.4.3}% 108
\BOOKMARK [3][-]{subsubsection.6.4.3.5}{\376\377\0006\000.\0004\000.\0003\000.\0005\000\040\000s\000e\000t\000P\000a\000g\000e\000N\000u\000m\000b\000e\000r\000\050\000i\000n\000t\000\040\000n\000e\000w\000P\000a\000g\000e\000N\000u\000m\000b\000e\000r\000\051}{subsection.6.4.3}% 109
\BOOKMARK [1][-]{section.6.5}{\376\377\0006\000.\0005\000\040\000E\000P\000:\000:\000N\000o\000d\000e\000\040\000C\000l\000a\000s\000s\000\040\000R\000e\000f\000e\000r\000e\000n\000c\000e}{chapter.6}% 110
\BOOKMARK [2][-]{subsection.6.5.1}{\376\377\0006\000.\0005\000.\0001\000\040\000D\000e\000t\000a\000i\000l\000e\000d\000\040\000D\000e\000s\000c\000r\000i\000p\000t\000i\000o\000n}{section.6.5}% 111
\BOOKMARK [2][-]{subsection.6.5.2}{\376\377\0006\000.\0005\000.\0002\000\040\000C\000o\000n\000s\000t\000r\000u\000c\000t\000o\000r\000\040\000\046\000\040\000D\000e\000s\000t\000r\000u\000c\000t\000o\000r\000\040\000D\000o\000c\000u\000m\000e\000n\000t\000a\000t\000i\000o\000n}{section.6.5}% 112
\BOOKMARK [3][-]{subsubsection.6.5.2.1}{\376\377\0006\000.\0005\000.\0002\000.\0001\000\040\000N\000o\000d\000e\000\050\000c\000h\000a\000r\000\040\000*\000n\000a\000m\000e\000,\000\040\000c\000h\000a\000r\000\040\000*\000i\000c\000o\000\051}{subsection.6.5.2}% 113
\BOOKMARK [3][-]{subsubsection.6.5.2.2}{\376\377\0006\000.\0005\000.\0002\000.\0002\000\040\000\040\000N\000o\000d\000e\000\050\000v\000o\000i\000d\000\051}{subsection.6.5.2}% 114
\BOOKMARK [2][-]{subsection.6.5.3}{\376\377\0006\000.\0005\000.\0003\000\040\000M\000e\000m\000b\000e\000r\000\040\000F\000u\000n\000c\000t\000i\000o\000n\000\040\000D\000o\000c\000u\000m\000e\000n\000t\000a\000t\000i\000o\000n}{section.6.5}% 115
\BOOKMARK [3][-]{subsubsection.6.5.3.1}{\376\377\0006\000.\0005\000.\0003\000.\0001\000\040\000g\000e\000t\000I\000c\000o\000\050\000\051}{subsection.6.5.3}% 116
\BOOKMARK [3][-]{subsubsection.6.5.3.2}{\376\377\0006\000.\0005\000.\0003\000.\0002\000\040\000g\000e\000t\000N\000a\000m\000e\000\050\000\051}{subsection.6.5.3}% 117
\BOOKMARK [3][-]{subsubsection.6.5.3.3}{\376\377\0006\000.\0005\000.\0003\000.\0003\000\040\000s\000e\000t\000I\000c\000o\000\050\000c\000h\000a\000r\000\040\000*\000i\000c\000o\000\051}{subsection.6.5.3}% 118
\BOOKMARK [3][-]{subsubsection.6.5.3.4}{\376\377\0006\000.\0005\000.\0003\000.\0004\000\040\000s\000e\000t\000N\000a\000m\000e\000\050\000c\000h\000a\000r\000\040\000*\000n\000a\000m\000e\000\051}{subsection.6.5.3}% 119
\BOOKMARK [2][-]{subsection.6.5.4}{\376\377\0006\000.\0005\000.\0004\000\040\000M\000e\000m\000b\000e\000r\000\040\000D\000a\000t\000a\000\040\000D\000o\000c\000u\000m\000e\000n\000t\000a\000t\000i\000o\000n}{section.6.5}% 120
\BOOKMARK [3][-]{subsubsection.6.5.4.1}{\376\377\0006\000.\0005\000.\0004\000.\0001\000\040\000m\000i\000c\000o}{subsection.6.5.4}% 121
\BOOKMARK [3][-]{subsubsection.6.5.4.2}{\376\377\0006\000.\0005\000.\0004\000.\0002\000\040\000m\000n\000a\000m\000e}{subsection.6.5.4}% 122
\BOOKMARK [3][-]{subsubsection.6.5.4.3}{\376\377\0006\000.\0005\000.\0004\000.\0003\000\040\000m\000p\000a\000r\000e\000n\000t}{subsection.6.5.4}% 123
\BOOKMARK [1][-]{section.6.6}{\376\377\0006\000.\0006\000\040\000E\000P\000:\000:\000R\000o\000o\000m\000\040\000C\000l\000a\000s\000s\000\040\000R\000e\000f\000e\000r\000e\000n\000c\000e}{chapter.6}% 124
\BOOKMARK [2][-]{subsection.6.6.1}{\376\377\0006\000.\0006\000.\0001\000\040\000D\000e\000t\000a\000i\000l\000e\000d\000\040\000D\000e\000s\000c\000r\000i\000p\000t\000i\000o\000n}{section.6.6}% 125
\BOOKMARK [2][-]{subsection.6.6.2}{\376\377\0006\000.\0006\000.\0002\000\040\000C\000o\000n\000s\000t\000r\000u\000c\000t\000o\000r\000\040\000\046\000\040\000D\000e\000s\000t\000r\000u\000c\000t\000o\000r\000\040\000D\000o\000c\000u\000m\000e\000n\000t\000a\000t\000i\000o\000n}{section.6.6}% 126
\BOOKMARK [3][-]{subsubsection.6.6.2.1}{\376\377\0006\000.\0006\000.\0002\000.\0001\000\040\000R\000o\000o\000m\000\050\000c\000h\000a\000r\000\040\000*\000n\000a\000m\000e\000,\000\040\000c\000h\000a\000r\000\040\000*\000i\000c\000o\000\051}{subsection.6.6.2}% 127
\BOOKMARK [3][-]{subsubsection.6.6.2.2}{\376\377\0006\000.\0006\000.\0002\000.\0002\000\040\000\040\000R\000o\000o\000m\000\050\000\051}{subsection.6.6.2}% 128
\BOOKMARK [2][-]{subsection.6.6.3}{\376\377\0006\000.\0006\000.\0003\000\040\000M\000e\000m\000b\000e\000r\000\040\000F\000u\000n\000c\000t\000i\000o\000n\000\040\000D\000o\000c\000u\000m\000e\000n\000t\000a\000t\000i\000o\000n}{section.6.6}% 129
\BOOKMARK [3][-]{subsubsection.6.6.3.1}{\376\377\0006\000.\0006\000.\0003\000.\0001\000\040\000a\000d\000d\000E\000q\000u\000i\000p\000m\000e\000n\000t\000\050\000E\000q\000u\000i\000p\000m\000e\000n\000t\000\040\000*\000e\000q\000u\000i\000p\000\051}{subsection.6.6.3}% 130
\BOOKMARK [3][-]{subsubsection.6.6.3.2}{\376\377\0006\000.\0006\000.\0003\000.\0002\000\040\000d\000e\000l\000e\000t\000e\000E\000q\000u\000i\000p\000m\000e\000n\000t\000B\000y\000I\000n\000d\000e\000x\000\050\000i\000n\000t\000\040\000i\000n\000d\000e\000x\000\051}{subsection.6.6.3}% 131
\BOOKMARK [3][-]{subsubsection.6.6.3.3}{\376\377\0006\000.\0006\000.\0003\000.\0003\000\040\000d\000e\000l\000e\000t\000e\000E\000q\000u\000i\000p\000m\000e\000n\000t\000B\000y\000N\000a\000m\000e\000\050\000c\000h\000a\000r\000\040\000*\000n\000a\000m\000e\000\051}{subsection.6.6.3}% 132
\BOOKMARK [3][-]{subsubsection.6.6.3.4}{\376\377\0006\000.\0006\000.\0003\000.\0004\000\040\000g\000e\000t\000E\000q\000u\000i\000p\000m\000e\000n\000t\000B\000y\000I\000n\000d\000e\000x\000\050\000i\000n\000t\000\040\000i\000n\000d\000e\000x\000\051}{subsection.6.6.3}% 133
\BOOKMARK [3][-]{subsubsection.6.6.3.5}{\376\377\0006\000.\0006\000.\0003\000.\0005\000\040\000g\000e\000t\000E\000q\000u\000i\000p\000m\000e\000n\000t\000B\000y\000N\000a\000m\000e\000\050\000c\000h\000a\000r\000\040\000*\000n\000a\000m\000e\000\051}{subsection.6.6.3}% 134
\BOOKMARK [3][-]{subsubsection.6.6.3.6}{\376\377\0006\000.\0006\000.\0003\000.\0006\000\040\000g\000e\000t\000E\000q\000u\000i\000p\000m\000e\000n\000t\000s\000\050\000\051}{subsection.6.6.3}% 135
\BOOKMARK [3][-]{subsubsection.6.6.3.7}{\376\377\0006\000.\0006\000.\0003\000.\0007\000\040\000g\000e\000t\000N\000u\000m\000b\000e\000r\000E\000q\000u\000i\000p\000m\000e\000n\000t\000s\000\050\000\051}{subsection.6.6.3}% 136
\BOOKMARK [0][-]{chapter.7}{\376\377\0007\000\040\000F\000i\000l\000e\000\040\000D\000o\000c\000u\000m\000e\000n\000t\000a\000t\000i\000o\000n}{}% 137
\BOOKMARK [1][-]{section.7.1}{\376\377\0007\000.\0001\000\040\000M\000o\000d\000e\000l\000D\000l\000l\000/\000i\000n\000c\000l\000u\000d\000e\000/\000C\000o\000r\000e\000.\000h\000\040\000F\000i\000l\000e\000\040\000R\000e\000f\000e\000r\000e\000n\000c\000e}{chapter.7}% 138
\BOOKMARK [2][-]{subsection.7.1.1}{\376\377\0007\000.\0001\000.\0001\000\040\000M\000a\000c\000r\000o\000\040\000D\000e\000f\000i\000n\000i\000t\000i\000o\000n\000\040\000D\000o\000c\000u\000m\000e\000n\000t\000a\000t\000i\000o\000n}{section.7.1}% 139
\BOOKMARK [3][-]{subsubsection.7.1.1.1}{\376\377\0007\000.\0001\000.\0001\000.\0001\000\040\000D\000l\000l\000E\000x\000p\000o\000r\000t}{subsection.7.1.1}% 140
\BOOKMARK [3][-]{subsubsection.7.1.1.2}{\376\377\0007\000.\0001\000.\0001\000.\0002\000\040\000F\000I\000L\000E\000S\000A\000V\000E\000N\000A\000M\000E\000S\000I\000Z\000E}{subsection.7.1.1}% 141
\BOOKMARK [1][-]{section.7.2}{\376\377\0007\000.\0002\000\040\000M\000o\000d\000e\000l\000D\000l\000l\000/\000i\000n\000c\000l\000u\000d\000e\000/\000E\000q\000u\000i\000p\000m\000e\000n\000t\000.\000h\000\040\000F\000i\000l\000e\000\040\000R\000e\000f\000e\000r\000e\000n\000c\000e}{chapter.7}% 142
\BOOKMARK [2][-]{subsection.7.2.1}{\376\377\0007\000.\0002\000.\0001\000\040\000M\000a\000c\000r\000o\000\040\000D\000e\000f\000i\000n\000i\000t\000i\000o\000n\000\040\000D\000o\000c\000u\000m\000e\000n\000t\000a\000t\000i\000o\000n}{section.7.2}% 143
\BOOKMARK [3][-]{subsubsection.7.2.1.1}{\376\377\0007\000.\0002\000.\0001\000.\0001\000\040\000D\000l\000l\000E\000x\000p\000o\000r\000t}{subsection.7.2.1}% 144
\BOOKMARK [1][-]{section.7.3}{\376\377\0007\000.\0003\000\040\000M\000o\000d\000e\000l\000D\000l\000l\000/\000i\000n\000c\000l\000u\000d\000e\000/\000N\000o\000d\000e\000.\000h\000\040\000F\000i\000l\000e\000\040\000R\000e\000f\000e\000r\000e\000n\000c\000e}{chapter.7}% 145
\BOOKMARK [2][-]{subsection.7.3.1}{\376\377\0007\000.\0003\000.\0001\000\040\000M\000a\000c\000r\000o\000\040\000D\000e\000f\000i\000n\000i\000t\000i\000o\000n\000\040\000D\000o\000c\000u\000m\000e\000n\000t\000a\000t\000i\000o\000n}{section.7.3}% 146
\BOOKMARK [3][-]{subsubsection.7.3.1.1}{\376\377\0007\000.\0003\000.\0001\000.\0001\000\040\000D\000l\000l\000E\000x\000p\000o\000r\000t}{subsection.7.3.1}% 147
\BOOKMARK [1][-]{section.7.4}{\376\377\0007\000.\0004\000\040\000M\000o\000d\000e\000l\000D\000l\000l\000/\000i\000n\000c\000l\000u\000d\000e\000/\000R\000e\000q\000u\000e\000t\000e\000H\000t\000t\000p\000.\000h\000\040\000F\000i\000l\000e\000\040\000R\000e\000f\000e\000r\000e\000n\000c\000e}{chapter.7}% 148
\BOOKMARK [2][-]{subsection.7.4.1}{\376\377\0007\000.\0004\000.\0001\000\040\000M\000a\000c\000r\000o\000\040\000D\000e\000f\000i\000n\000i\000t\000i\000o\000n\000\040\000D\000o\000c\000u\000m\000e\000n\000t\000a\000t\000i\000o\000n}{section.7.4}% 149
\BOOKMARK [3][-]{subsubsection.7.4.1.1}{\376\377\0007\000.\0004\000.\0001\000.\0001\000\040\000D\000l\000l\000I\000m\000p\000o\000r\000t}{subsection.7.4.1}% 150
\BOOKMARK [1][-]{section.7.5}{\376\377\0007\000.\0005\000\040\000M\000o\000d\000e\000l\000D\000l\000l\000/\000i\000n\000c\000l\000u\000d\000e\000/\000R\000o\000o\000m\000.\000h\000\040\000F\000i\000l\000e\000\040\000R\000e\000f\000e\000r\000e\000n\000c\000e}{chapter.7}% 151
\BOOKMARK [2][-]{subsection.7.5.1}{\376\377\0007\000.\0005\000.\0001\000\040\000M\000a\000c\000r\000o\000\040\000D\000e\000f\000i\000n\000i\000t\000i\000o\000n\000\040\000D\000o\000c\000u\000m\000e\000n\000t\000a\000t\000i\000o\000n}{section.7.5}% 152
\BOOKMARK [3][-]{subsubsection.7.5.1.1}{\376\377\0007\000.\0005\000.\0001\000.\0001\000\040\000D\000l\000l\000E\000x\000p\000o\000r\000t}{subsection.7.5.1}% 153
\BOOKMARK [1][-]{section.7.6}{\376\377\0007\000.\0006\000\040\000M\000o\000d\000e\000l\000D\000l\000l\000/\000s\000r\000c\000/\000C\000o\000r\000e\000.\000c\000p\000p\000\040\000F\000i\000l\000e\000\040\000R\000e\000f\000e\000r\000e\000n\000c\000e}{chapter.7}% 154
\BOOKMARK [1][-]{section.7.7}{\376\377\0007\000.\0007\000\040\000M\000o\000d\000e\000l\000D\000l\000l\000/\000s\000r\000c\000/\000E\000q\000u\000i\000p\000m\000e\000n\000t\000.\000c\000p\000p\000\040\000F\000i\000l\000e\000\040\000R\000e\000f\000e\000r\000e\000n\000c\000e}{chapter.7}% 155
\BOOKMARK [1][-]{section.7.8}{\376\377\0007\000.\0008\000\040\000M\000o\000d\000e\000l\000D\000l\000l\000/\000s\000r\000c\000/\000N\000o\000d\000e\000.\000c\000p\000p\000\040\000F\000i\000l\000e\000\040\000R\000e\000f\000e\000r\000e\000n\000c\000e}{chapter.7}% 156
\BOOKMARK [1][-]{section.7.9}{\376\377\0007\000.\0009\000\040\000M\000o\000d\000e\000l\000D\000l\000l\000/\000s\000r\000c\000/\000R\000o\000o\000m\000.\000c\000p\000p\000\040\000F\000i\000l\000e\000\040\000R\000e\000f\000e\000r\000e\000n\000c\000e}{chapter.7}% 157
\BOOKMARK [0][-]{section*.51}{\376\377\000I\000n\000d\000e\000x}{}% 158
