\BOOKMARK [0][-]{chapter.1}{\376\377\0001\000\040\000I\000n\000d\000e\000x\000\040\000d\000e\000s\000\040\000f\000i\000c\000h\000i\000e\000r\000s}{}% 1
\BOOKMARK [1][-]{section.1.1}{\376\377\0001\000.\0001\000\040\000L\000i\000s\000t\000e\000\040\000d\000e\000s\000\040\000f\000i\000c\000h\000i\000e\000r\000s}{chapter.1}% 2
\BOOKMARK [0][-]{chapter.2}{\376\377\0002\000\040\000D\000o\000c\000u\000m\000e\000n\000t\000a\000t\000i\000o\000n\000\040\000d\000e\000s\000\040\000f\000i\000c\000h\000i\000e\000r\000s}{}% 3
\BOOKMARK [1][-]{section.2.1}{\376\377\0002\000.\0001\000\040\000R\000\351\000f\000\351\000r\000e\000n\000c\000e\000\040\000d\000u\000\040\000f\000i\000c\000h\000i\000e\000r\000\040\000b\000l\000u\000e\000t\000o\000o\000t\000h\000.\000c\000p\000p}{chapter.2}% 4
\BOOKMARK [2][-]{subsection.2.1.1}{\376\377\0002\000.\0001\000.\0001\000\040\000D\000o\000c\000u\000m\000e\000n\000t\000a\000t\000i\000o\000n\000\040\000d\000e\000s\000\040\000f\000o\000n\000c\000t\000i\000o\000n\000s}{section.2.1}% 5
\BOOKMARK [3][-]{subsubsection.2.1.1.1}{\376\377\0002\000.\0001\000.\0001\000.\0001\000\040\000g\000e\000t\000B\000a\000t\000t\000e\000r\000y\000L\000v\000l\000\050\000Q\000S\000e\000r\000i\000a\000l\000P\000o\000r\000t\000\040\000*\000p\000o\000r\000t\000\051}{subsection.2.1.1}% 6
\BOOKMARK [3][-]{subsubsection.2.1.1.2}{\376\377\0002\000.\0001\000.\0001\000.\0002\000\040\000g\000e\000t\000J\000o\000y\000s\000t\000i\000c\000k\000P\000o\000s\000i\000t\000i\000o\000n\000X\000\050\000Q\000S\000e\000r\000i\000a\000l\000P\000o\000r\000t\000\040\000*\000p\000o\000r\000t\000\051}{subsection.2.1.1}% 7
\BOOKMARK [3][-]{subsubsection.2.1.1.3}{\376\377\0002\000.\0001\000.\0001\000.\0003\000\040\000g\000e\000t\000J\000o\000y\000s\000t\000i\000c\000k\000P\000o\000s\000i\000t\000i\000o\000n\000Y\000\050\000Q\000S\000e\000r\000i\000a\000l\000P\000o\000r\000t\000\040\000*\000p\000o\000r\000t\000\051}{subsection.2.1.1}% 8
\BOOKMARK [3][-]{subsubsection.2.1.1.4}{\376\377\0002\000.\0001\000.\0001\000.\0004\000\040\000g\000e\000t\000M\000a\000x\000i\000m\000u\000m\000S\000p\000e\000e\000d\000\050\000Q\000S\000e\000r\000i\000a\000l\000P\000o\000r\000t\000\040\000*\000p\000o\000r\000t\000\051}{subsection.2.1.1}% 9
\BOOKMARK [3][-]{subsubsection.2.1.1.5}{\376\377\0002\000.\0001\000.\0001\000.\0005\000\040\000g\000e\000t\000P\000r\000o\000f\000i\000l\000e\000\050\000Q\000S\000e\000r\000i\000a\000l\000P\000o\000r\000t\000\040\000*\000p\000o\000r\000t\000\051}{subsection.2.1.1}% 10
\BOOKMARK [3][-]{subsubsection.2.1.1.6}{\376\377\0002\000.\0001\000.\0001\000.\0006\000\040\000g\000e\000t\000S\000p\000e\000e\000d\000\050\000Q\000S\000e\000r\000i\000a\000l\000P\000o\000r\000t\000\040\000*\000p\000o\000r\000t\000\051}{subsection.2.1.1}% 11
\BOOKMARK [3][-]{subsubsection.2.1.1.7}{\376\377\0002\000.\0001\000.\0001\000.\0007\000\040\000g\000e\000t\000V\000i\000r\000t\000u\000a\000l\000J\000o\000y\000s\000t\000i\000c\000k\000P\000o\000s\000i\000t\000i\000o\000n\000X\000\050\000Q\000S\000e\000r\000i\000a\000l\000P\000o\000r\000t\000\040\000*\000p\000o\000r\000t\000\051}{subsection.2.1.1}% 12
\BOOKMARK [3][-]{subsubsection.2.1.1.8}{\376\377\0002\000.\0001\000.\0001\000.\0008\000\040\000g\000e\000t\000V\000i\000r\000t\000u\000a\000l\000J\000o\000y\000s\000t\000i\000c\000k\000P\000o\000s\000i\000t\000i\000o\000n\000Y\000\050\000Q\000S\000e\000r\000i\000a\000l\000P\000o\000r\000t\000\040\000*\000p\000o\000r\000t\000\051}{subsection.2.1.1}% 13
\BOOKMARK [3][-]{subsubsection.2.1.1.9}{\376\377\0002\000.\0001\000.\0001\000.\0009\000\040\000m\000a\000i\000n\000\050\000i\000n\000t\000\040\000a\000r\000g\000c\000,\000\040\000c\000h\000a\000r\000\040\000*\000a\000r\000g\000v\000[\000]\000\051}{subsection.2.1.1}% 14
\BOOKMARK [1][-]{section.2.2}{\376\377\0002\000.\0002\000\040\000R\000\351\000f\000\351\000r\000e\000n\000c\000e\000\040\000d\000u\000\040\000f\000i\000c\000h\000i\000e\000r\000\040\000b\000l\000u\000e\000t\000o\000o\000t\000h\000.\000h}{chapter.2}% 15
\BOOKMARK [2][-]{subsection.2.2.1}{\376\377\0002\000.\0002\000.\0001\000\040\000D\000o\000c\000u\000m\000e\000n\000t\000a\000t\000i\000o\000n\000\040\000d\000e\000s\000\040\000f\000o\000n\000c\000t\000i\000o\000n\000s}{section.2.2}% 16
\BOOKMARK [3][-]{subsubsection.2.2.1.1}{\376\377\0002\000.\0002\000.\0001\000.\0001\000\040\000g\000e\000t\000B\000a\000t\000t\000e\000r\000y\000L\000v\000l\000\050\000Q\000S\000e\000r\000i\000a\000l\000P\000o\000r\000t\000\040\000*\000p\000o\000r\000t\000\051}{subsection.2.2.1}% 17
\BOOKMARK [3][-]{subsubsection.2.2.1.2}{\376\377\0002\000.\0002\000.\0001\000.\0002\000\040\000g\000e\000t\000J\000o\000y\000s\000t\000i\000c\000k\000P\000o\000s\000i\000t\000i\000o\000n\000X\000\050\000Q\000S\000e\000r\000i\000a\000l\000P\000o\000r\000t\000\040\000*\000p\000o\000r\000t\000\051}{subsection.2.2.1}% 18
\BOOKMARK [3][-]{subsubsection.2.2.1.3}{\376\377\0002\000.\0002\000.\0001\000.\0003\000\040\000g\000e\000t\000J\000o\000y\000s\000t\000i\000c\000k\000P\000o\000s\000i\000t\000i\000o\000n\000Y\000\050\000Q\000S\000e\000r\000i\000a\000l\000P\000o\000r\000t\000\040\000*\000p\000o\000r\000t\000\051}{subsection.2.2.1}% 19
\BOOKMARK [3][-]{subsubsection.2.2.1.4}{\376\377\0002\000.\0002\000.\0001\000.\0004\000\040\000g\000e\000t\000M\000a\000x\000i\000m\000u\000m\000S\000p\000e\000e\000d\000\050\000Q\000S\000e\000r\000i\000a\000l\000P\000o\000r\000t\000\040\000*\000p\000o\000r\000t\000\051}{subsection.2.2.1}% 20
\BOOKMARK [3][-]{subsubsection.2.2.1.5}{\376\377\0002\000.\0002\000.\0001\000.\0005\000\040\000g\000e\000t\000P\000r\000o\000f\000i\000l\000e\000\050\000Q\000S\000e\000r\000i\000a\000l\000P\000o\000r\000t\000\040\000*\000p\000o\000r\000t\000\051}{subsection.2.2.1}% 21
\BOOKMARK [3][-]{subsubsection.2.2.1.6}{\376\377\0002\000.\0002\000.\0001\000.\0006\000\040\000g\000e\000t\000S\000p\000e\000e\000d\000\050\000Q\000S\000e\000r\000i\000a\000l\000P\000o\000r\000t\000\040\000*\000p\000o\000r\000t\000\051}{subsection.2.2.1}% 22
\BOOKMARK [3][-]{subsubsection.2.2.1.7}{\376\377\0002\000.\0002\000.\0001\000.\0007\000\040\000g\000e\000t\000V\000i\000r\000t\000u\000a\000l\000J\000o\000y\000s\000t\000i\000c\000k\000P\000o\000s\000i\000t\000i\000o\000n\000X\000\050\000Q\000S\000e\000r\000i\000a\000l\000P\000o\000r\000t\000\040\000*\000p\000o\000r\000t\000\051}{subsection.2.2.1}% 23
\BOOKMARK [3][-]{subsubsection.2.2.1.8}{\376\377\0002\000.\0002\000.\0001\000.\0008\000\040\000g\000e\000t\000V\000i\000r\000t\000u\000a\000l\000J\000o\000y\000s\000t\000i\000c\000k\000P\000o\000s\000i\000t\000i\000o\000n\000Y\000\050\000Q\000S\000e\000r\000i\000a\000l\000P\000o\000r\000t\000\040\000*\000p\000o\000r\000t\000\051}{subsection.2.2.1}% 24
\BOOKMARK [0][-]{section*.4}{\376\377\000I\000n\000d\000e\000x}{}% 25
