d:\etudepratique3a\ep_domotique_tablette\modeldll\modeldll\release\vc140.pdb
d:\etudepratique3a\ep_domotique_tablette\modeldll\modeldll\release\node.obj
d:\etudepratique3a\ep_domotique_tablette\modeldll\modeldll\release\equipment.obj
d:\etudepratique3a\ep_domotique_tablette\modeldll\modeldll\release\room.obj
d:\etudepratique3a\ep_domotique_tablette\modeldll\modeldll\release\core.obj
d:\etudepratique3a\ep_domotique_tablette\modeldll\modeldll\release\theme.obj
d:\etudepratique3a\ep_domotique_tablette\modeldll\modeldll\release\requete.obj
d:\etudepratique3a\ep_domotique_tablette\modeldll\modeldll\release\base64.obj
d:\etudepratique3a\ep_domotique_tablette\modeldll\modeldll\release\happyhttp.obj
d:\etudepratique3a\ep_domotique_tablette\modeldll\modeldll\release\modeldll.dll
d:\etudepratique3a\ep_domotique_tablette\modeldll\modeldll\release\modeldll.ipdb
d:\etudepratique3a\ep_domotique_tablette\modeldll\modeldll\release\modeldll.iobj
d:\etudepratique3a\ep_domotique_tablette\modeldll\modeldll\release\modeldll.pdb
d:\etudepratique3a\ep_domotique_tablette\modeldll\modeldll\release\modeldll.lib
d:\etudepratique3a\ep_domotique_tablette\modeldll\modeldll\release\modeldll.exp
d:\downloads\app2\app2\release\modeldll.lib
d:\downloads\app2\app2\release\modeldll.exp
d:\etudepratique3a\ep_domotique_tablette\modeldll\modeldll\release\modeldll.tlog\cl.command.1.tlog
d:\etudepratique3a\ep_domotique_tablette\modeldll\modeldll\release\modeldll.tlog\cl.read.1.tlog
d:\etudepratique3a\ep_domotique_tablette\modeldll\modeldll\release\modeldll.tlog\cl.write.1.tlog
d:\etudepratique3a\ep_domotique_tablette\modeldll\modeldll\release\modeldll.tlog\link.command.1.tlog
d:\etudepratique3a\ep_domotique_tablette\modeldll\modeldll\release\modeldll.tlog\link.read.1.tlog
d:\etudepratique3a\ep_domotique_tablette\modeldll\modeldll\release\modeldll.tlog\link.write.1.tlog
d:\etudepratique3a\ep_domotique_tablette\modeldll\modeldll\release\modeldll.tlog\modeldll.write.1u.tlog
