\BOOKMARK [0][-]{chapter.1}{\376\377\0001\000\040\000N\000a\000m\000e\000s\000p\000a\000c\000e\000\040\000I\000n\000d\000e\000x}{}% 1
\BOOKMARK [1][-]{section.1.1}{\376\377\0001\000.\0001\000\040\000P\000a\000c\000k\000a\000g\000e\000s}{chapter.1}% 2
\BOOKMARK [0][-]{chapter.2}{\376\377\0002\000\040\000H\000i\000e\000r\000a\000r\000c\000h\000i\000c\000a\000l\000\040\000I\000n\000d\000e\000x}{}% 3
\BOOKMARK [1][-]{section.2.1}{\376\377\0002\000.\0001\000\040\000C\000l\000a\000s\000s\000\040\000H\000i\000e\000r\000a\000r\000c\000h\000y}{chapter.2}% 4
\BOOKMARK [0][-]{chapter.3}{\376\377\0003\000\040\000C\000l\000a\000s\000s\000\040\000I\000n\000d\000e\000x}{}% 5
\BOOKMARK [1][-]{section.3.1}{\376\377\0003\000.\0001\000\040\000C\000l\000a\000s\000s\000\040\000L\000i\000s\000t}{chapter.3}% 6
\BOOKMARK [0][-]{chapter.4}{\376\377\0004\000\040\000F\000i\000l\000e\000\040\000I\000n\000d\000e\000x}{}% 7
\BOOKMARK [1][-]{section.4.1}{\376\377\0004\000.\0001\000\040\000F\000i\000l\000e\000\040\000L\000i\000s\000t}{chapter.4}% 8
\BOOKMARK [0][-]{chapter.5}{\376\377\0005\000\040\000N\000a\000m\000e\000s\000p\000a\000c\000e\000\040\000D\000o\000c\000u\000m\000e\000n\000t\000a\000t\000i\000o\000n}{}% 9
\BOOKMARK [1][-]{section.5.1}{\376\377\0005\000.\0001\000\040\000M\000y\000D\000o\000m\000o\000t\000i\000k\000\040\000N\000a\000m\000e\000s\000p\000a\000c\000e\000\040\000R\000e\000f\000e\000r\000e\000n\000c\000e}{chapter.5}% 10
\BOOKMARK [0][-]{chapter.6}{\376\377\0006\000\040\000C\000l\000a\000s\000s\000\040\000D\000o\000c\000u\000m\000e\000n\000t\000a\000t\000i\000o\000n}{}% 11
\BOOKMARK [1][-]{section.6.1}{\376\377\0006\000.\0001\000\040\000M\000y\000D\000o\000m\000o\000t\000i\000k\000.\000A\000d\000m\000i\000n\000P\000a\000g\000e\000\040\000C\000l\000a\000s\000s\000\040\000R\000e\000f\000e\000r\000e\000n\000c\000e}{chapter.6}% 12
\BOOKMARK [2][-]{subsection.6.1.1}{\376\377\0006\000.\0001\000.\0001\000\040\000D\000e\000t\000a\000i\000l\000e\000d\000\040\000D\000e\000s\000c\000r\000i\000p\000t\000i\000o\000n}{section.6.1}% 13
\BOOKMARK [2][-]{subsection.6.1.2}{\376\377\0006\000.\0001\000.\0002\000\040\000C\000o\000n\000s\000t\000r\000u\000c\000t\000o\000r\000\040\000\046\000\040\000D\000e\000s\000t\000r\000u\000c\000t\000o\000r\000\040\000D\000o\000c\000u\000m\000e\000n\000t\000a\000t\000i\000o\000n}{section.6.1}% 14
\BOOKMARK [3][-]{subsubsection.6.1.2.1}{\376\377\0006\000.\0001\000.\0002\000.\0001\000\040\000A\000d\000m\000i\000n\000P\000a\000g\000e\000\050\000\051}{subsection.6.1.2}% 15
\BOOKMARK [1][-]{section.6.2}{\376\377\0006\000.\0002\000\040\000M\000y\000D\000o\000m\000o\000t\000i\000k\000.\000A\000f\000f\000i\000c\000h\000a\000g\000e\000\040\000C\000l\000a\000s\000s\000\040\000R\000e\000f\000e\000r\000e\000n\000c\000e}{chapter.6}% 16
\BOOKMARK [2][-]{subsection.6.2.1}{\376\377\0006\000.\0002\000.\0001\000\040\000D\000e\000t\000a\000i\000l\000e\000d\000\040\000D\000e\000s\000c\000r\000i\000p\000t\000i\000o\000n}{section.6.2}% 17
\BOOKMARK [2][-]{subsection.6.2.2}{\376\377\0006\000.\0002\000.\0002\000\040\000C\000o\000n\000s\000t\000r\000u\000c\000t\000o\000r\000\040\000\046\000\040\000D\000e\000s\000t\000r\000u\000c\000t\000o\000r\000\040\000D\000o\000c\000u\000m\000e\000n\000t\000a\000t\000i\000o\000n}{section.6.2}% 18
\BOOKMARK [3][-]{subsubsection.6.2.2.1}{\376\377\0006\000.\0002\000.\0002\000.\0001\000\040\000A\000f\000f\000i\000c\000h\000a\000g\000e\000\050\000\051}{subsection.6.2.2}% 19
\BOOKMARK [2][-]{subsection.6.2.3}{\376\377\0006\000.\0002\000.\0003\000\040\000M\000e\000m\000b\000e\000r\000\040\000F\000u\000n\000c\000t\000i\000o\000n\000\040\000D\000o\000c\000u\000m\000e\000n\000t\000a\000t\000i\000o\000n}{section.6.2}% 20
\BOOKMARK [3][-]{subsubsection.6.2.3.1}{\376\377\0006\000.\0002\000.\0003\000.\0001\000\040\000a\000f\000f\000i\000c\000h\000e\000H\000e\000u\000r\000e\000\050\000T\000e\000x\000t\000B\000l\000o\000c\000k\000\040\000T\000i\000m\000e\000B\000o\000x\000\051}{subsection.6.2.3}% 21
\BOOKMARK [3][-]{subsubsection.6.2.3.2}{\376\377\0006\000.\0002\000.\0003\000.\0002\000\040\000a\000f\000f\000i\000c\000h\000e\000r\000C\000o\000u\000l\000e\000u\000r\000\050\000i\000n\000t\000\040\000i\000,\000\040\000L\000i\000s\000t\000<\000\040\000B\000u\000t\000t\000o\000n\000\040\000>\000\040\000b\000o\000u\000t\000o\000n\000s\000,\000\040\000G\000r\000i\000d\000\040\000m\000a\000i\000n\000g\000r\000i\000d\000,\000\040\000R\000e\000c\000t\000a\000n\000g\000l\000e\000\040\000r\000e\000c\000t\0001\000,\000\040\000R\000e\000c\000t\000a\000n\000g\000l\000e\000\040\000r\000e\000c\000t\0002\000,\000\040\000R\000e\000c\000t\000a\000n\000g\000l\000e\000\040\000r\000e\000c\000t\0003\000,\000\040\000G\000r\000i\000d\000\040\000c\000a\000d\000r\000e\000,\000\040\000R\000e\000c\000t\000a\000n\000g\000l\000e\000\040\000r\000e\000c\000t\000A\000c\000c\000u\000e\000i\000l\000,\000\040\000R\000e\000c\000t\000a\000n\000g\000l\000e\000\040\000r\000e\000c\000t\000S\000u\000i\000v\000a\000n\000t\000,\000\040\000R\000e\000c\000t\000a\000n\000g\000l\000e\000\040\000r\000e\000c\000t\000P\000r\000e\000c\000e\000d\000e\000n\000t\000,\000\040\000R\000e\000c\000t\000a\000n\000g\000l\000e\000\040\000r\000e\000c\000t\000F\000a\000u\000t\000e\000u\000i\000l\000\051}{subsection.6.2.3}% 22
\BOOKMARK [3][-]{subsubsection.6.2.3.3}{\376\377\0006\000.\0002\000.\0003\000.\0003\000\040\000a\000f\000f\000i\000c\000h\000e\000r\000E\000q\000u\000i\000p\000e\000m\000e\000n\000t\000s\000G\000r\000i\000l\000l\000e\000\050\000i\000n\000t\000\040\000p\000a\000g\000e\000A\000c\000t\000u\000e\000l\000l\000e\000,\000\040\000S\000t\000r\000i\000n\000g\000\040\000n\000o\000m\000P\000i\000e\000c\000e\000,\000\040\000G\000r\000i\000d\000\040\000c\000a\000d\000r\000e\000,\000\040\000I\000n\000t\000P\000t\000r\000\040\000c\000o\000r\000e\000\051}{subsection.6.2.3}% 23
\BOOKMARK [3][-]{subsubsection.6.2.3.4}{\376\377\0006\000.\0002\000.\0003\000.\0004\000\040\000a\000f\000f\000i\000c\000h\000e\000r\000P\000i\000e\000c\000e\000s\000G\000r\000i\000l\000l\000e\000\050\000i\000n\000t\000\040\000p\000a\000g\000e\000A\000c\000t\000u\000e\000l\000l\000e\000,\000\040\000G\000r\000i\000d\000\040\000c\000a\000d\000r\000e\000,\000\040\000I\000n\000t\000P\000t\000r\000\040\000c\000o\000r\000e\000\051}{subsection.6.2.3}% 24
\BOOKMARK [3][-]{subsubsection.6.2.3.5}{\376\377\0006\000.\0002\000.\0003\000.\0005\000\040\000a\000j\000o\000u\000t\000e\000r\000I\000m\000a\000g\000e\000E\000t\000L\000a\000b\000e\000l\000A\000u\000B\000o\000u\000t\000o\000n\000\050\000I\000m\000a\000g\000e\000\040\000i\000m\000a\000g\000e\000,\000\040\000T\000e\000x\000t\000B\000l\000o\000c\000k\000\040\000n\000o\000m\000I\000c\000o\000n\000e\000,\000\040\000B\000u\000t\000t\000o\000n\000\040\000b\000o\000u\000t\000o\000n\000\051}{subsection.6.2.3}% 25
\BOOKMARK [3][-]{subsubsection.6.2.3.6}{\376\377\0006\000.\0002\000.\0003\000.\0006\000\040\000c\000r\000e\000e\000r\000G\000r\000i\000l\000l\000e\000\050\000G\000r\000i\000d\000\040\000c\000a\000d\000r\000e\000,\000\040\000i\000n\000t\000\040\000f\000o\000r\000m\000a\000t\000\051}{subsection.6.2.3}% 26
\BOOKMARK [3][-]{subsubsection.6.2.3.7}{\376\377\0006\000.\0002\000.\0003\000.\0007\000\040\000c\000r\000e\000e\000r\000I\000m\000a\000g\000e\000I\000c\000o\000n\000e\000\050\000s\000t\000r\000i\000n\000g\000\040\000n\000a\000m\000e\000I\000c\000,\000\040\000B\000u\000t\000t\000o\000n\000\040\000b\000o\000u\000t\000o\000n\000\051}{subsection.6.2.3}% 27
\BOOKMARK [3][-]{subsubsection.6.2.3.8}{\376\377\0006\000.\0002\000.\0003\000.\0008\000\040\000c\000r\000e\000e\000r\000L\000a\000b\000e\000l\000\050\000S\000t\000r\000i\000n\000g\000\040\000n\000o\000m\000\051}{subsection.6.2.3}% 28
\BOOKMARK [1][-]{section.6.3}{\376\377\0006\000.\0003\000\040\000M\000y\000D\000o\000m\000o\000t\000i\000k\000.\000A\000p\000p\000\040\000C\000l\000a\000s\000s\000\040\000R\000e\000f\000e\000r\000e\000n\000c\000e}{chapter.6}% 29
\BOOKMARK [2][-]{subsection.6.3.1}{\376\377\0006\000.\0003\000.\0001\000\040\000D\000e\000t\000a\000i\000l\000e\000d\000\040\000D\000e\000s\000c\000r\000i\000p\000t\000i\000o\000n}{section.6.3}% 30
\BOOKMARK [2][-]{subsection.6.3.2}{\376\377\0006\000.\0003\000.\0002\000\040\000C\000o\000n\000s\000t\000r\000u\000c\000t\000o\000r\000\040\000\046\000\040\000D\000e\000s\000t\000r\000u\000c\000t\000o\000r\000\040\000D\000o\000c\000u\000m\000e\000n\000t\000a\000t\000i\000o\000n}{section.6.3}% 31
\BOOKMARK [3][-]{subsubsection.6.3.2.1}{\376\377\0006\000.\0003\000.\0002\000.\0001\000\040\000A\000p\000p\000\050\000\051}{subsection.6.3.2}% 32
\BOOKMARK [2][-]{subsection.6.3.3}{\376\377\0006\000.\0003\000.\0003\000\040\000M\000e\000m\000b\000e\000r\000\040\000F\000u\000n\000c\000t\000i\000o\000n\000\040\000D\000o\000c\000u\000m\000e\000n\000t\000a\000t\000i\000o\000n}{section.6.3}% 33
\BOOKMARK [3][-]{subsubsection.6.3.3.1}{\376\377\0006\000.\0003\000.\0003\000.\0001\000\040\000O\000n\000L\000a\000u\000n\000c\000h\000e\000d\000\050\000L\000a\000u\000n\000c\000h\000A\000c\000t\000i\000v\000a\000t\000e\000d\000E\000v\000e\000n\000t\000A\000r\000g\000s\000\040\000e\000\051}{subsection.6.3.3}% 34
\BOOKMARK [1][-]{section.6.4}{\376\377\0006\000.\0004\000\040\000M\000y\000D\000o\000m\000o\000t\000i\000k\000.\000G\000e\000s\000t\000i\000o\000n\000E\000q\000u\000i\000p\000e\000m\000e\000n\000t\000s\000\040\000C\000l\000a\000s\000s\000\040\000R\000e\000f\000e\000r\000e\000n\000c\000e}{chapter.6}% 35
\BOOKMARK [2][-]{subsection.6.4.1}{\376\377\0006\000.\0004\000.\0001\000\040\000D\000e\000t\000a\000i\000l\000e\000d\000\040\000D\000e\000s\000c\000r\000i\000p\000t\000i\000o\000n}{section.6.4}% 36
\BOOKMARK [2][-]{subsection.6.4.2}{\376\377\0006\000.\0004\000.\0002\000\040\000C\000o\000n\000s\000t\000r\000u\000c\000t\000o\000r\000\040\000\046\000\040\000D\000e\000s\000t\000r\000u\000c\000t\000o\000r\000\040\000D\000o\000c\000u\000m\000e\000n\000t\000a\000t\000i\000o\000n}{section.6.4}% 37
\BOOKMARK [3][-]{subsubsection.6.4.2.1}{\376\377\0006\000.\0004\000.\0002\000.\0001\000\040\000G\000e\000s\000t\000i\000o\000n\000E\000q\000u\000i\000p\000e\000m\000e\000n\000t\000s\000\050\000\051}{subsection.6.4.2}% 38
\BOOKMARK [1][-]{section.6.5}{\376\377\0006\000.\0005\000\040\000M\000y\000D\000o\000m\000o\000t\000i\000k\000.\000G\000e\000s\000t\000i\000o\000n\000P\000i\000e\000c\000e\000s\000\040\000C\000l\000a\000s\000s\000\040\000R\000e\000f\000e\000r\000e\000n\000c\000e}{chapter.6}% 39
\BOOKMARK [2][-]{subsection.6.5.1}{\376\377\0006\000.\0005\000.\0001\000\040\000D\000e\000t\000a\000i\000l\000e\000d\000\040\000D\000e\000s\000c\000r\000i\000p\000t\000i\000o\000n}{section.6.5}% 40
\BOOKMARK [2][-]{subsection.6.5.2}{\376\377\0006\000.\0005\000.\0002\000\040\000C\000o\000n\000s\000t\000r\000u\000c\000t\000o\000r\000\040\000\046\000\040\000D\000e\000s\000t\000r\000u\000c\000t\000o\000r\000\040\000D\000o\000c\000u\000m\000e\000n\000t\000a\000t\000i\000o\000n}{section.6.5}% 41
\BOOKMARK [3][-]{subsubsection.6.5.2.1}{\376\377\0006\000.\0005\000.\0002\000.\0001\000\040\000G\000e\000s\000t\000i\000o\000n\000P\000i\000e\000c\000e\000s\000\050\000\051}{subsection.6.5.2}% 42
\BOOKMARK [2][-]{subsection.6.5.3}{\376\377\0006\000.\0005\000.\0003\000\040\000P\000r\000o\000p\000e\000r\000t\000y\000\040\000D\000o\000c\000u\000m\000e\000n\000t\000a\000t\000i\000o\000n}{section.6.5}% 43
\BOOKMARK [3][-]{subsubsection.6.5.3.1}{\376\377\0006\000.\0005\000.\0003\000.\0001\000\040\000N\000o\000m\000P\000i\000e\000c\000e\000S\000e\000l\000e\000c\000t\000i\000o\000n\000e\000e}{subsection.6.5.3}% 44
\BOOKMARK [1][-]{section.6.6}{\376\377\0006\000.\0006\000\040\000M\000y\000D\000o\000m\000o\000t\000i\000k\000.\000M\000a\000i\000n\000P\000a\000g\000e\000\040\000C\000l\000a\000s\000s\000\040\000R\000e\000f\000e\000r\000e\000n\000c\000e}{chapter.6}% 45
\BOOKMARK [2][-]{subsection.6.6.1}{\376\377\0006\000.\0006\000.\0001\000\040\000D\000e\000t\000a\000i\000l\000e\000d\000\040\000D\000e\000s\000c\000r\000i\000p\000t\000i\000o\000n}{section.6.6}% 46
\BOOKMARK [2][-]{subsection.6.6.2}{\376\377\0006\000.\0006\000.\0002\000\040\000C\000o\000n\000s\000t\000r\000u\000c\000t\000o\000r\000\040\000\046\000\040\000D\000e\000s\000t\000r\000u\000c\000t\000o\000r\000\040\000D\000o\000c\000u\000m\000e\000n\000t\000a\000t\000i\000o\000n}{section.6.6}% 47
\BOOKMARK [3][-]{subsubsection.6.6.2.1}{\376\377\0006\000.\0006\000.\0002\000.\0001\000\040\000M\000a\000i\000n\000P\000a\000g\000e\000\050\000\051}{subsection.6.6.2}% 48
\BOOKMARK [1][-]{section.6.7}{\376\377\0006\000.\0007\000\040\000M\000y\000D\000o\000m\000o\000t\000i\000k\000.\000R\000e\000g\000l\000a\000g\000e\000s\000C\000o\000u\000l\000e\000u\000r\000\040\000C\000l\000a\000s\000s\000\040\000R\000e\000f\000e\000r\000e\000n\000c\000e}{chapter.6}% 49
\BOOKMARK [2][-]{subsection.6.7.1}{\376\377\0006\000.\0007\000.\0001\000\040\000D\000e\000t\000a\000i\000l\000e\000d\000\040\000D\000e\000s\000c\000r\000i\000p\000t\000i\000o\000n}{section.6.7}% 50
\BOOKMARK [2][-]{subsection.6.7.2}{\376\377\0006\000.\0007\000.\0002\000\040\000C\000o\000n\000s\000t\000r\000u\000c\000t\000o\000r\000\040\000\046\000\040\000D\000e\000s\000t\000r\000u\000c\000t\000o\000r\000\040\000D\000o\000c\000u\000m\000e\000n\000t\000a\000t\000i\000o\000n}{section.6.7}% 51
\BOOKMARK [3][-]{subsubsection.6.7.2.1}{\376\377\0006\000.\0007\000.\0002\000.\0001\000\040\000R\000e\000g\000l\000a\000g\000e\000s\000C\000o\000u\000l\000e\000u\000r\000\050\000\051}{subsection.6.7.2}% 52
\BOOKMARK [1][-]{section.6.8}{\376\377\0006\000.\0008\000\040\000M\000y\000D\000o\000m\000o\000t\000i\000k\000.\000R\000e\000g\000l\000a\000g\000e\000s\000M\000o\000d\000e\000S\000e\000l\000e\000c\000t\000i\000o\000n\000\040\000C\000l\000a\000s\000s\000\040\000R\000e\000f\000e\000r\000e\000n\000c\000e}{chapter.6}% 53
\BOOKMARK [2][-]{subsection.6.8.1}{\376\377\0006\000.\0008\000.\0001\000\040\000D\000e\000t\000a\000i\000l\000e\000d\000\040\000D\000e\000s\000c\000r\000i\000p\000t\000i\000o\000n}{section.6.8}% 54
\BOOKMARK [2][-]{subsection.6.8.2}{\376\377\0006\000.\0008\000.\0002\000\040\000C\000o\000n\000s\000t\000r\000u\000c\000t\000o\000r\000\040\000\046\000\040\000D\000e\000s\000t\000r\000u\000c\000t\000o\000r\000\040\000D\000o\000c\000u\000m\000e\000n\000t\000a\000t\000i\000o\000n}{section.6.8}% 55
\BOOKMARK [3][-]{subsubsection.6.8.2.1}{\376\377\0006\000.\0008\000.\0002\000.\0001\000\040\000R\000e\000g\000l\000a\000g\000e\000s\000M\000o\000d\000e\000S\000e\000l\000e\000c\000t\000i\000o\000n\000\050\000\051}{subsection.6.8.2}% 56
\BOOKMARK [1][-]{section.6.9}{\376\377\0006\000.\0009\000\040\000M\000y\000D\000o\000m\000o\000t\000i\000k\000.\000R\000e\000g\000l\000a\000g\000e\000s\000R\000e\000s\000e\000a\000u\000\040\000C\000l\000a\000s\000s\000\040\000R\000e\000f\000e\000r\000e\000n\000c\000e}{chapter.6}% 57
\BOOKMARK [2][-]{subsection.6.9.1}{\376\377\0006\000.\0009\000.\0001\000\040\000D\000e\000t\000a\000i\000l\000e\000d\000\040\000D\000e\000s\000c\000r\000i\000p\000t\000i\000o\000n}{section.6.9}% 58
\BOOKMARK [2][-]{subsection.6.9.2}{\376\377\0006\000.\0009\000.\0002\000\040\000C\000o\000n\000s\000t\000r\000u\000c\000t\000o\000r\000\040\000\046\000\040\000D\000e\000s\000t\000r\000u\000c\000t\000o\000r\000\040\000D\000o\000c\000u\000m\000e\000n\000t\000a\000t\000i\000o\000n}{section.6.9}% 59
\BOOKMARK [3][-]{subsubsection.6.9.2.1}{\376\377\0006\000.\0009\000.\0002\000.\0001\000\040\000R\000e\000g\000l\000a\000g\000e\000s\000R\000e\000s\000e\000a\000u\000\050\000\051}{subsection.6.9.2}% 60
\BOOKMARK [1][-]{section.6.10}{\376\377\0006\000.\0001\0000\000\040\000M\000y\000D\000o\000m\000o\000t\000i\000k\000.\000R\000e\000g\000l\000a\000g\000e\000s\000T\000a\000i\000l\000l\000e\000I\000c\000o\000n\000e\000s\000\040\000C\000l\000a\000s\000s\000\040\000R\000e\000f\000e\000r\000e\000n\000c\000e}{chapter.6}% 61
\BOOKMARK [2][-]{subsection.6.10.1}{\376\377\0006\000.\0001\0000\000.\0001\000\040\000D\000e\000t\000a\000i\000l\000e\000d\000\040\000D\000e\000s\000c\000r\000i\000p\000t\000i\000o\000n}{section.6.10}% 62
\BOOKMARK [2][-]{subsection.6.10.2}{\376\377\0006\000.\0001\0000\000.\0002\000\040\000C\000o\000n\000s\000t\000r\000u\000c\000t\000o\000r\000\040\000\046\000\040\000D\000e\000s\000t\000r\000u\000c\000t\000o\000r\000\040\000D\000o\000c\000u\000m\000e\000n\000t\000a\000t\000i\000o\000n}{section.6.10}% 63
\BOOKMARK [3][-]{subsubsection.6.10.2.1}{\376\377\0006\000.\0001\0000\000.\0002\000.\0001\000\040\000R\000e\000g\000l\000a\000g\000e\000s\000T\000a\000i\000l\000l\000e\000I\000c\000o\000n\000e\000s\000\050\000\051}{subsection.6.10.2}% 64
\BOOKMARK [0][-]{chapter.7}{\376\377\0007\000\040\000F\000i\000l\000e\000\040\000D\000o\000c\000u\000m\000e\000n\000t\000a\000t\000i\000o\000n}{}% 65
\BOOKMARK [1][-]{section.7.1}{\376\377\0007\000.\0001\000\040\000D\000:\000/\000U\000s\000e\000r\000s\000/\000C\000o\000r\000e\000n\000t\000i\000n\000/\000D\000o\000w\000n\000l\000o\000a\000d\000s\000/\000E\000P\000D\000o\000x\000y\000g\000e\000n\000/\000A\000d\000m\000i\000n\000P\000a\000g\000e\000.\000x\000a\000m\000l\000.\000c\000s\000\040\000F\000i\000l\000e\000\040\000R\000e\000f\000e\000r\000e\000n\000c\000e}{chapter.7}% 66
\BOOKMARK [1][-]{section.7.2}{\376\377\0007\000.\0002\000\040\000D\000:\000/\000U\000s\000e\000r\000s\000/\000C\000o\000r\000e\000n\000t\000i\000n\000/\000D\000o\000w\000n\000l\000o\000a\000d\000s\000/\000E\000P\000D\000o\000x\000y\000g\000e\000n\000/\000A\000f\000f\000i\000c\000h\000a\000g\000e\000.\000c\000s\000\040\000F\000i\000l\000e\000\040\000R\000e\000f\000e\000r\000e\000n\000c\000e}{chapter.7}% 67
\BOOKMARK [1][-]{section.7.3}{\376\377\0007\000.\0003\000\040\000D\000:\000/\000U\000s\000e\000r\000s\000/\000C\000o\000r\000e\000n\000t\000i\000n\000/\000D\000o\000w\000n\000l\000o\000a\000d\000s\000/\000E\000P\000D\000o\000x\000y\000g\000e\000n\000/\000A\000p\000p\000.\000x\000a\000m\000l\000.\000c\000s\000\040\000F\000i\000l\000e\000\040\000R\000e\000f\000e\000r\000e\000n\000c\000e}{chapter.7}% 68
\BOOKMARK [1][-]{section.7.4}{\376\377\0007\000.\0004\000\040\000D\000:\000/\000U\000s\000e\000r\000s\000/\000C\000o\000r\000e\000n\000t\000i\000n\000/\000D\000o\000w\000n\000l\000o\000a\000d\000s\000/\000E\000P\000D\000o\000x\000y\000g\000e\000n\000/\000G\000e\000s\000t\000i\000o\000n\000E\000q\000u\000i\000p\000e\000m\000e\000n\000t\000s\000.\000x\000a\000m\000l\000.\000c\000s\000\040\000F\000i\000l\000e\000\040\000R\000e\000f\000e\000r\000e\000n\000c\000e}{chapter.7}% 69
\BOOKMARK [1][-]{section.7.5}{\376\377\0007\000.\0005\000\040\000D\000:\000/\000U\000s\000e\000r\000s\000/\000C\000o\000r\000e\000n\000t\000i\000n\000/\000D\000o\000w\000n\000l\000o\000a\000d\000s\000/\000E\000P\000D\000o\000x\000y\000g\000e\000n\000/\000G\000e\000s\000t\000i\000o\000n\000P\000i\000e\000c\000e\000s\000.\000x\000a\000m\000l\000.\000c\000s\000\040\000F\000i\000l\000e\000\040\000R\000e\000f\000e\000r\000e\000n\000c\000e}{chapter.7}% 70
\BOOKMARK [1][-]{section.7.6}{\376\377\0007\000.\0006\000\040\000D\000:\000/\000U\000s\000e\000r\000s\000/\000C\000o\000r\000e\000n\000t\000i\000n\000/\000D\000o\000w\000n\000l\000o\000a\000d\000s\000/\000E\000P\000D\000o\000x\000y\000g\000e\000n\000/\000M\000a\000i\000n\000P\000a\000g\000e\000.\000x\000a\000m\000l\000.\000c\000s\000\040\000F\000i\000l\000e\000\040\000R\000e\000f\000e\000r\000e\000n\000c\000e}{chapter.7}% 71
\BOOKMARK [1][-]{section.7.7}{\376\377\0007\000.\0007\000\040\000D\000:\000/\000U\000s\000e\000r\000s\000/\000C\000o\000r\000e\000n\000t\000i\000n\000/\000D\000o\000w\000n\000l\000o\000a\000d\000s\000/\000E\000P\000D\000o\000x\000y\000g\000e\000n\000/\000R\000e\000g\000l\000a\000g\000e\000s\000C\000o\000u\000l\000e\000u\000r\000.\000x\000a\000m\000l\000.\000c\000s\000\040\000F\000i\000l\000e\000\040\000R\000e\000f\000e\000r\000e\000n\000c\000e}{chapter.7}% 72
\BOOKMARK [1][-]{section.7.8}{\376\377\0007\000.\0008\000\040\000D\000:\000/\000U\000s\000e\000r\000s\000/\000C\000o\000r\000e\000n\000t\000i\000n\000/\000D\000o\000w\000n\000l\000o\000a\000d\000s\000/\000E\000P\000D\000o\000x\000y\000g\000e\000n\000/\000R\000e\000g\000l\000a\000g\000e\000s\000M\000o\000d\000e\000S\000e\000l\000e\000c\000t\000i\000o\000n\000.\000x\000a\000m\000l\000.\000c\000s\000\040\000F\000i\000l\000e\000\040\000R\000e\000f\000e\000r\000e\000n\000c\000e}{chapter.7}% 73
\BOOKMARK [1][-]{section.7.9}{\376\377\0007\000.\0009\000\040\000D\000:\000/\000U\000s\000e\000r\000s\000/\000C\000o\000r\000e\000n\000t\000i\000n\000/\000D\000o\000w\000n\000l\000o\000a\000d\000s\000/\000E\000P\000D\000o\000x\000y\000g\000e\000n\000/\000R\000e\000g\000l\000a\000g\000e\000s\000R\000e\000s\000e\000a\000u\000.\000x\000a\000m\000l\000.\000c\000s\000\040\000F\000i\000l\000e\000\040\000R\000e\000f\000e\000r\000e\000n\000c\000e}{chapter.7}% 74
\BOOKMARK [1][-]{section.7.10}{\376\377\0007\000.\0001\0000\000\040\000D\000:\000/\000U\000s\000e\000r\000s\000/\000C\000o\000r\000e\000n\000t\000i\000n\000/\000D\000o\000w\000n\000l\000o\000a\000d\000s\000/\000E\000P\000D\000o\000x\000y\000g\000e\000n\000/\000R\000e\000g\000l\000a\000g\000e\000s\000T\000a\000i\000l\000l\000e\000I\000c\000o\000n\000e\000s\000.\000x\000a\000m\000l\000.\000c\000s\000\040\000F\000i\000l\000e\000\040\000R\000e\000f\000e\000r\000e\000n\000c\000e}{chapter.7}% 75
\BOOKMARK [0][-]{section*.44}{\376\377\000I\000n\000d\000e\000x}{}% 76
