\BOOKMARK [0][-]{chapter.1}{\376\377\0001\000\040\000M\000a\000i\000n\000\040\000p\000a\000g\000e}{}% 1
\BOOKMARK [1][-]{section.1.1}{\376\377\0001\000.\0001\000\040\000I\000n\000t\000r\000o\000d\000u\000c\000t\000i\000o\000n}{chapter.1}% 2
\BOOKMARK [1][-]{section.1.2}{\376\377\0001\000.\0002\000\040\000G\000\351\000n\000\351\000r\000a\000t\000i\000o\000n\000\040\000d\000e\000\040\000l\000a\000\040\000d\000l\000l}{chapter.1}% 3
\BOOKMARK [2][-]{subsection.1.2.1}{\376\377\0001\000.\0002\000.\0001\000\040\000S\000t\000e\000p\000\040\0001\000:\000\040\000o\000u\000v\000r\000i\000r\000\040\000l\000e\000\040\000p\000r\000o\000j\000e\000t}{section.1.2}% 4
\BOOKMARK [2][-]{subsection.1.2.2}{\376\377\0001\000.\0002\000.\0002\000\040\000S\000t\000e\000p\000\040\0002\000:\000\040\000s\000i\000\040\000w\000i\000n\000d\000o\000w\000s\000,\000\040\000a\000j\000o\000u\000t\000e\000r\000\040\000l\000a\000\040\000l\000i\000b\000r\000a\000i\000r\000i\000e\000\040\000l\000i\000b\000w\000s\000o\000c\000k\0003\0002\000.\000a\000\040\000a\000u\000\040\000p\000r\000o\000j\000e\000t}{section.1.2}% 5
\BOOKMARK [2][-]{subsection.1.2.3}{\376\377\0001\000.\0002\000.\0003\000\040\000S\000t\000e\000p\000\040\0003\000:\000\040\000r\000u\000n\000\040\000p\000o\000u\000r\000\040\000g\000\351\000n\000\351\000r\000e\000r\000\040\000l\000a\000\040\000d\000l\000l}{section.1.2}% 6
\BOOKMARK [1][-]{section.1.3}{\376\377\0001\000.\0003\000\040\000u\000t\000i\000l\000i\000s\000a\000t\000i\000o\000n\000\040\000d\000e\000\040\000l\000a\000\040\000d\000l\000l}{chapter.1}% 7
\BOOKMARK [2][-]{subsection.1.3.1}{\376\377\0001\000.\0003\000.\0001\000\040\000S\000t\000e\000p\000\040\0001\000:\000\040\000o\000u\000v\000r\000i\000r\000\040\000u\000n\000\040\000p\000r\000o\000j\000e\000t}{section.1.3}% 8
\BOOKMARK [2][-]{subsection.1.3.2}{\376\377\0001\000.\0003\000.\0002\000\040\000S\000t\000e\000p\000\040\0002\000:\000\040\000a\000j\000o\000u\000t\000e\000r\000\040\000l\000e\000\040\000R\000e\000q\000u\000e\000t\000e\000H\000t\000t\000p\000.\000l\000i\000b\000\040\000g\000\351\000n\000\351\000r\000\351\000\040\000a\000v\000e\000c\000\040\000l\000a\000\040\000d\000l\000l\000\040\000d\000a\000n\000s\000\040\000l\000e\000\040\000p\000r\000o\000j\000e\000t}{section.1.3}% 9
\BOOKMARK [2][-]{subsection.1.3.3}{\376\377\0001\000.\0003\000.\0003\000\040\000S\000t\000e\000p\000\040\0003\000:\000\040\000i\000m\000p\000o\000r\000t\000e\000r\000\040\000r\000e\000q\000u\000e\000t\000e\000H\000t\000t\000p\000.\000h\000\040\000d\000e\000\040\000c\000e\000\040\000p\000r\000o\000j\000e\000t}{section.1.3}% 10
\BOOKMARK [2][-]{subsection.1.3.4}{\376\377\0001\000.\0003\000.\0004\000\040\000S\000t\000e\000p\000\040\0004\000:\000\040\000e\000n\000j\000o\000y}{section.1.3}% 11
\BOOKMARK [0][-]{chapter.2}{\376\377\0002\000\040\000N\000a\000m\000e\000s\000p\000a\000c\000e\000\040\000I\000n\000d\000e\000x}{}% 12
\BOOKMARK [1][-]{section.2.1}{\376\377\0002\000.\0001\000\040\000N\000a\000m\000e\000s\000p\000a\000c\000e\000\040\000L\000i\000s\000t}{chapter.2}% 13
\BOOKMARK [0][-]{chapter.3}{\376\377\0003\000\040\000C\000l\000a\000s\000s\000\040\000I\000n\000d\000e\000x}{}% 14
\BOOKMARK [1][-]{section.3.1}{\376\377\0003\000.\0001\000\040\000C\000l\000a\000s\000s\000\040\000L\000i\000s\000t}{chapter.3}% 15
\BOOKMARK [0][-]{chapter.4}{\376\377\0004\000\040\000F\000i\000l\000e\000\040\000I\000n\000d\000e\000x}{}% 16
\BOOKMARK [1][-]{section.4.1}{\376\377\0004\000.\0001\000\040\000F\000i\000l\000e\000\040\000L\000i\000s\000t}{chapter.4}% 17
\BOOKMARK [0][-]{chapter.5}{\376\377\0005\000\040\000N\000a\000m\000e\000s\000p\000a\000c\000e\000\040\000D\000o\000c\000u\000m\000e\000n\000t\000a\000t\000i\000o\000n}{}% 18
\BOOKMARK [1][-]{section.5.1}{\376\377\0005\000.\0001\000\040\000h\000a\000p\000p\000y\000h\000t\000t\000p\000\040\000N\000a\000m\000e\000s\000p\000a\000c\000e\000\040\000R\000e\000f\000e\000r\000e\000n\000c\000e}{chapter.5}% 19
\BOOKMARK [2][-]{subsection.5.1.1}{\376\377\0005\000.\0001\000.\0001\000\040\000D\000e\000t\000a\000i\000l\000e\000d\000\040\000D\000e\000s\000c\000r\000i\000p\000t\000i\000o\000n}{section.5.1}% 20
\BOOKMARK [2][-]{subsection.5.1.2}{\376\377\0005\000.\0001\000.\0002\000\040\000T\000y\000p\000e\000d\000e\000f\000\040\000D\000o\000c\000u\000m\000e\000n\000t\000a\000t\000i\000o\000n}{section.5.1}% 21
\BOOKMARK [3][-]{subsubsection.5.1.2.1}{\376\377\0005\000.\0001\000.\0002\000.\0001\000\040\000R\000e\000s\000p\000o\000n\000s\000e\000B\000e\000g\000i\000n\000C\000B}{subsection.5.1.2}% 22
\BOOKMARK [3][-]{subsubsection.5.1.2.2}{\376\377\0005\000.\0001\000.\0002\000.\0002\000\040\000R\000e\000s\000p\000o\000n\000s\000e\000C\000o\000m\000p\000l\000e\000t\000e\000C\000B}{subsection.5.1.2}% 23
\BOOKMARK [3][-]{subsubsection.5.1.2.3}{\376\377\0005\000.\0001\000.\0002\000.\0003\000\040\000R\000e\000s\000p\000o\000n\000s\000e\000D\000a\000t\000a\000C\000B}{subsection.5.1.2}% 24
\BOOKMARK [2][-]{subsection.5.1.3}{\376\377\0005\000.\0001\000.\0003\000\040\000E\000n\000u\000m\000e\000r\000a\000t\000i\000o\000n\000\040\000T\000y\000p\000e\000\040\000D\000o\000c\000u\000m\000e\000n\000t\000a\000t\000i\000o\000n}{section.5.1}% 25
\BOOKMARK [3][-]{subsubsection.5.1.3.1}{\376\377\0005\000.\0001\000.\0003\000.\0001\000\040\000a\000n\000o\000n\000y\000m\000o\000u\000s\000\040\000e\000n\000u\000m}{subsection.5.1.3}% 26
\BOOKMARK [2][-]{subsection.5.1.4}{\376\377\0005\000.\0001\000.\0004\000\040\000F\000u\000n\000c\000t\000i\000o\000n\000\040\000D\000o\000c\000u\000m\000e\000n\000t\000a\000t\000i\000o\000n}{section.5.1}% 27
\BOOKMARK [3][-]{subsubsection.5.1.4.1}{\376\377\0005\000.\0001\000.\0004\000.\0001\000\040\000a\000t\000o\000a\000d\000d\000r\000\050\000c\000o\000n\000s\000t\000\040\000c\000h\000a\000r\000\040\000*\000a\000d\000d\000r\000e\000s\000s\000\051}{subsection.5.1.4}% 28
\BOOKMARK [3][-]{subsubsection.5.1.4.2}{\376\377\0005\000.\0001\000.\0004\000.\0002\000\040\000B\000a\000i\000l\000O\000n\000S\000o\000c\000k\000e\000t\000E\000r\000r\000o\000r\000\050\000c\000o\000n\000s\000t\000\040\000c\000h\000a\000r\000\040\000*\000c\000o\000n\000t\000e\000x\000t\000\051}{subsection.5.1.4}% 29
\BOOKMARK [3][-]{subsubsection.5.1.4.3}{\376\377\0005\000.\0001\000.\0004\000.\0003\000\040\000d\000a\000t\000a\000w\000a\000i\000t\000i\000n\000g\000\050\000i\000n\000t\000\040\000s\000o\000c\000k\000\051}{subsection.5.1.4}% 30
\BOOKMARK [0][-]{chapter.6}{\376\377\0006\000\040\000C\000l\000a\000s\000s\000\040\000D\000o\000c\000u\000m\000e\000n\000t\000a\000t\000i\000o\000n}{}% 31
\BOOKMARK [1][-]{section.6.1}{\376\377\0006\000.\0001\000\040\000h\000a\000p\000p\000y\000h\000t\000t\000p\000:\000:\000C\000o\000n\000n\000e\000c\000t\000i\000o\000n\000\040\000C\000l\000a\000s\000s\000\040\000R\000e\000f\000e\000r\000e\000n\000c\000e}{chapter.6}% 32
\BOOKMARK [2][-]{subsection.6.1.1}{\376\377\0006\000.\0001\000.\0001\000\040\000C\000o\000n\000s\000t\000r\000u\000c\000t\000o\000r\000\040\000\046\000\040\000D\000e\000s\000t\000r\000u\000c\000t\000o\000r\000\040\000D\000o\000c\000u\000m\000e\000n\000t\000a\000t\000i\000o\000n}{section.6.1}% 33
\BOOKMARK [3][-]{subsubsection.6.1.1.1}{\376\377\0006\000.\0001\000.\0001\000.\0001\000\040\000C\000o\000n\000n\000e\000c\000t\000i\000o\000n\000\050\000c\000o\000n\000s\000t\000\040\000c\000h\000a\000r\000\040\000*\000h\000o\000s\000t\000,\000\040\000i\000n\000t\000\040\000p\000o\000r\000t\000\051}{subsection.6.1.1}% 34
\BOOKMARK [3][-]{subsubsection.6.1.1.2}{\376\377\0006\000.\0001\000.\0001\000.\0002\000\040\000\040\000C\000o\000n\000n\000e\000c\000t\000i\000o\000n\000\050\000\051}{subsection.6.1.1}% 35
\BOOKMARK [2][-]{subsection.6.1.2}{\376\377\0006\000.\0001\000.\0002\000\040\000M\000e\000m\000b\000e\000r\000\040\000F\000u\000n\000c\000t\000i\000o\000n\000\040\000D\000o\000c\000u\000m\000e\000n\000t\000a\000t\000i\000o\000n}{section.6.1}% 36
\BOOKMARK [3][-]{subsubsection.6.1.2.1}{\376\377\0006\000.\0001\000.\0002\000.\0001\000\040\000c\000l\000o\000s\000e\000\050\000\051}{subsection.6.1.2}% 37
\BOOKMARK [3][-]{subsubsection.6.1.2.2}{\376\377\0006\000.\0001\000.\0002\000.\0002\000\040\000c\000o\000n\000n\000e\000c\000t\000\050\000\051}{subsection.6.1.2}% 38
\BOOKMARK [3][-]{subsubsection.6.1.2.3}{\376\377\0006\000.\0001\000.\0002\000.\0003\000\040\000e\000n\000d\000h\000e\000a\000d\000e\000r\000s\000\050\000\051}{subsection.6.1.2}% 39
\BOOKMARK [3][-]{subsubsection.6.1.2.4}{\376\377\0006\000.\0001\000.\0002\000.\0004\000\040\000o\000u\000t\000s\000t\000a\000n\000d\000i\000n\000g\000\050\000\051\000\040\000c\000o\000n\000s\000t\000\040}{subsection.6.1.2}% 40
\BOOKMARK [3][-]{subsubsection.6.1.2.5}{\376\377\0006\000.\0001\000.\0002\000.\0005\000\040\000p\000u\000m\000p\000\050\000\051}{subsection.6.1.2}% 41
\BOOKMARK [3][-]{subsubsection.6.1.2.6}{\376\377\0006\000.\0001\000.\0002\000.\0006\000\040\000p\000u\000t\000h\000e\000a\000d\000e\000r\000\050\000c\000o\000n\000s\000t\000\040\000c\000h\000a\000r\000\040\000*\000h\000e\000a\000d\000e\000r\000,\000\040\000c\000o\000n\000s\000t\000\040\000c\000h\000a\000r\000\040\000*\000v\000a\000l\000u\000e\000\051}{subsection.6.1.2}% 42
\BOOKMARK [3][-]{subsubsection.6.1.2.7}{\376\377\0006\000.\0001\000.\0002\000.\0007\000\040\000p\000u\000t\000h\000e\000a\000d\000e\000r\000\050\000c\000o\000n\000s\000t\000\040\000c\000h\000a\000r\000\040\000*\000h\000e\000a\000d\000e\000r\000,\000\040\000i\000n\000t\000\040\000n\000u\000m\000e\000r\000i\000c\000v\000a\000l\000u\000e\000\051}{subsection.6.1.2}% 43
\BOOKMARK [3][-]{subsubsection.6.1.2.8}{\376\377\0006\000.\0001\000.\0002\000.\0008\000\040\000p\000u\000t\000r\000e\000q\000u\000e\000s\000t\000\050\000c\000o\000n\000s\000t\000\040\000c\000h\000a\000r\000\040\000*\000m\000e\000t\000h\000o\000d\000,\000\040\000c\000o\000n\000s\000t\000\040\000c\000h\000a\000r\000\040\000*\000u\000r\000l\000\051}{subsection.6.1.2}% 44
\BOOKMARK [3][-]{subsubsection.6.1.2.9}{\376\377\0006\000.\0001\000.\0002\000.\0009\000\040\000r\000e\000q\000u\000e\000s\000t\000\050\000c\000o\000n\000s\000t\000\040\000c\000h\000a\000r\000\040\000*\000m\000e\000t\000h\000o\000d\000,\000\040\000c\000o\000n\000s\000t\000\040\000c\000h\000a\000r\000\040\000*\000u\000r\000l\000,\000\040\000c\000o\000n\000s\000t\000\040\000c\000h\000a\000r\000\040\000*\000h\000e\000a\000d\000e\000r\000s\000[\000]\000=\0000\000,\000\040\000c\000o\000n\000s\000t\000\040\000u\000n\000s\000i\000g\000n\000e\000d\000\040\000c\000h\000a\000r\000\040\000*\000b\000o\000d\000y\000=\0000\000,\000\040\000i\000n\000t\000\040\000b\000o\000d\000y\000s\000i\000z\000e\000=\0000\000\051}{subsection.6.1.2}% 45
\BOOKMARK [3][-]{subsubsection.6.1.2.10}{\376\377\0006\000.\0001\000.\0002\000.\0001\0000\000\040\000s\000e\000n\000d\000\050\000c\000o\000n\000s\000t\000\040\000u\000n\000s\000i\000g\000n\000e\000d\000\040\000c\000h\000a\000r\000\040\000*\000b\000u\000f\000,\000\040\000i\000n\000t\000\040\000n\000u\000m\000b\000y\000t\000e\000s\000\051}{subsection.6.1.2}% 46
\BOOKMARK [3][-]{subsubsection.6.1.2.11}{\376\377\0006\000.\0001\000.\0002\000.\0001\0001\000\040\000s\000e\000t\000c\000a\000l\000l\000b\000a\000c\000k\000s\000\050\000R\000e\000s\000p\000o\000n\000s\000e\000B\000e\000g\000i\000n\000C\000B\000\040\000b\000e\000g\000i\000n\000c\000b\000,\000\040\000R\000e\000s\000p\000o\000n\000s\000e\000D\000a\000t\000a\000C\000B\000\040\000d\000a\000t\000a\000c\000b\000,\000\040\000R\000e\000s\000p\000o\000n\000s\000e\000C\000o\000m\000p\000l\000e\000t\000e\000C\000B\000\040\000c\000o\000m\000p\000l\000e\000t\000e\000c\000b\000,\000\040\000v\000o\000i\000d\000\040\000*\000u\000s\000e\000r\000d\000a\000t\000a\000\051}{subsection.6.1.2}% 47
\BOOKMARK [2][-]{subsection.6.1.3}{\376\377\0006\000.\0001\000.\0003\000\040\000F\000r\000i\000e\000n\000d\000s\000\040\000A\000n\000d\000\040\000R\000e\000l\000a\000t\000e\000d\000\040\000F\000u\000n\000c\000t\000i\000o\000n\000\040\000D\000o\000c\000u\000m\000e\000n\000t\000a\000t\000i\000o\000n}{section.6.1}% 48
\BOOKMARK [3][-]{subsubsection.6.1.3.1}{\376\377\0006\000.\0001\000.\0003\000.\0001\000\040\000R\000e\000s\000p\000o\000n\000s\000e}{subsection.6.1.3}% 49
\BOOKMARK [2][-]{subsection.6.1.4}{\376\377\0006\000.\0001\000.\0004\000\040\000M\000e\000m\000b\000e\000r\000\040\000D\000a\000t\000a\000\040\000D\000o\000c\000u\000m\000e\000n\000t\000a\000t\000i\000o\000n}{section.6.1}% 50
\BOOKMARK [3][-]{subsubsection.6.1.4.1}{\376\377\0006\000.\0001\000.\0004\000.\0001\000\040\000m\000R\000e\000s\000p\000o\000n\000s\000e\000B\000e\000g\000i\000n\000C\000B}{subsection.6.1.4}% 51
\BOOKMARK [3][-]{subsubsection.6.1.4.2}{\376\377\0006\000.\0001\000.\0004\000.\0002\000\040\000m\000R\000e\000s\000p\000o\000n\000s\000e\000C\000o\000m\000p\000l\000e\000t\000e\000C\000B}{subsection.6.1.4}% 52
\BOOKMARK [3][-]{subsubsection.6.1.4.3}{\376\377\0006\000.\0001\000.\0004\000.\0003\000\040\000m\000R\000e\000s\000p\000o\000n\000s\000e\000D\000a\000t\000a\000C\000B}{subsection.6.1.4}% 53
\BOOKMARK [3][-]{subsubsection.6.1.4.4}{\376\377\0006\000.\0001\000.\0004\000.\0004\000\040\000m\000U\000s\000e\000r\000D\000a\000t\000a}{subsection.6.1.4}% 54
\BOOKMARK [1][-]{section.6.2}{\376\377\0006\000.\0002\000\040\000R\000e\000q\000u\000e\000t\000e\000\040\000C\000l\000a\000s\000s\000\040\000R\000e\000f\000e\000r\000e\000n\000c\000e}{chapter.6}% 55
\BOOKMARK [2][-]{subsection.6.2.1}{\376\377\0006\000.\0002\000.\0001\000\040\000D\000e\000t\000a\000i\000l\000e\000d\000\040\000D\000e\000s\000c\000r\000i\000p\000t\000i\000o\000n}{section.6.2}% 56
\BOOKMARK [2][-]{subsection.6.2.2}{\376\377\0006\000.\0002\000.\0002\000\040\000C\000o\000n\000s\000t\000r\000u\000c\000t\000o\000r\000\040\000\046\000\040\000D\000e\000s\000t\000r\000u\000c\000t\000o\000r\000\040\000D\000o\000c\000u\000m\000e\000n\000t\000a\000t\000i\000o\000n}{section.6.2}% 57
\BOOKMARK [3][-]{subsubsection.6.2.2.1}{\376\377\0006\000.\0002\000.\0002\000.\0001\000\040\000R\000e\000q\000u\000e\000t\000e\000\050\000c\000h\000a\000r\000\040\000*\000\051}{subsection.6.2.2}% 58
\BOOKMARK [3][-]{subsubsection.6.2.2.2}{\376\377\0006\000.\0002\000.\0002\000.\0002\000\040\000R\000e\000q\000u\000e\000t\000e\000\050\000\051}{subsection.6.2.2}% 59
\BOOKMARK [3][-]{subsubsection.6.2.2.3}{\376\377\0006\000.\0002\000.\0002\000.\0003\000\040\000\040\000R\000e\000q\000u\000e\000t\000e\000\050\000\051}{subsection.6.2.2}% 60
\BOOKMARK [2][-]{subsection.6.2.3}{\376\377\0006\000.\0002\000.\0003\000\040\000M\000e\000m\000b\000e\000r\000\040\000F\000u\000n\000c\000t\000i\000o\000n\000\040\000D\000o\000c\000u\000m\000e\000n\000t\000a\000t\000i\000o\000n}{section.6.2}% 61
\BOOKMARK [3][-]{subsubsection.6.2.3.1}{\376\377\0006\000.\0002\000.\0003\000.\0001\000\040\000e\000n\000v\000o\000y\000e\000r\000R\000e\000q\000u\000e\000t\000e\000\050\000c\000h\000a\000r\000\040\000*\000s\0001\000,\000\040\000c\000h\000a\000r\000\040\000*\000s\0002\000\051}{subsection.6.2.3}% 62
\BOOKMARK [3][-]{subsubsection.6.2.3.2}{\376\377\0006\000.\0002\000.\0003\000.\0002\000\040\000G\000e\000t\000a\000d\000r\000e\000s\000s\000e\000\050\000\051}{subsection.6.2.3}% 63
\BOOKMARK [3][-]{subsubsection.6.2.3.3}{\376\377\0006\000.\0002\000.\0003\000.\0003\000\040\000S\000e\000t\000a\000d\000r\000e\000s\000s\000e\000\050\000c\000h\000a\000r\000\040\000*\000v\000a\000l\000\051}{subsection.6.2.3}% 64
\BOOKMARK [1][-]{section.6.3}{\376\377\0006\000.\0003\000\040\000h\000a\000p\000p\000y\000h\000t\000t\000p\000:\000:\000R\000e\000s\000p\000o\000n\000s\000e\000\040\000C\000l\000a\000s\000s\000\040\000R\000e\000f\000e\000r\000e\000n\000c\000e}{chapter.6}% 65
\BOOKMARK [2][-]{subsection.6.3.1}{\376\377\0006\000.\0003\000.\0001\000\040\000C\000o\000n\000s\000t\000r\000u\000c\000t\000o\000r\000\040\000\046\000\040\000D\000e\000s\000t\000r\000u\000c\000t\000o\000r\000\040\000D\000o\000c\000u\000m\000e\000n\000t\000a\000t\000i\000o\000n}{section.6.3}% 66
\BOOKMARK [3][-]{subsubsection.6.3.1.1}{\376\377\0006\000.\0003\000.\0001\000.\0001\000\040\000R\000e\000s\000p\000o\000n\000s\000e\000\050\000c\000o\000n\000s\000t\000\040\000c\000h\000a\000r\000\040\000*\000m\000e\000t\000h\000o\000d\000,\000\040\000C\000o\000n\000n\000e\000c\000t\000i\000o\000n\000\040\000c\000o\000n\000n\000\051}{subsection.6.3.1}% 67
\BOOKMARK [2][-]{subsection.6.3.2}{\376\377\0006\000.\0003\000.\0002\000\040\000M\000e\000m\000b\000e\000r\000\040\000F\000u\000n\000c\000t\000i\000o\000n\000\040\000D\000o\000c\000u\000m\000e\000n\000t\000a\000t\000i\000o\000n}{section.6.3}% 68
\BOOKMARK [3][-]{subsubsection.6.3.2.1}{\376\377\0006\000.\0003\000.\0002\000.\0001\000\040\000c\000o\000m\000p\000l\000e\000t\000e\000d\000\050\000\051\000\040\000c\000o\000n\000s\000t\000\040}{subsection.6.3.2}% 69
\BOOKMARK [3][-]{subsubsection.6.3.2.2}{\376\377\0006\000.\0003\000.\0002\000.\0002\000\040\000g\000e\000t\000h\000e\000a\000d\000e\000r\000\050\000c\000o\000n\000s\000t\000\040\000c\000h\000a\000r\000\040\000*\000n\000a\000m\000e\000\051\000\040\000c\000o\000n\000s\000t\000\040}{subsection.6.3.2}% 70
\BOOKMARK [3][-]{subsubsection.6.3.2.3}{\376\377\0006\000.\0003\000.\0002\000.\0003\000\040\000g\000e\000t\000r\000e\000a\000s\000o\000n\000\050\000\051\000\040\000c\000o\000n\000s\000t\000\040}{subsection.6.3.2}% 71
\BOOKMARK [3][-]{subsubsection.6.3.2.4}{\376\377\0006\000.\0003\000.\0002\000.\0004\000\040\000g\000e\000t\000s\000t\000a\000t\000u\000s\000\050\000\051\000\040\000c\000o\000n\000s\000t\000\040}{subsection.6.3.2}% 72
\BOOKMARK [3][-]{subsubsection.6.3.2.5}{\376\377\0006\000.\0003\000.\0002\000.\0005\000\040\000n\000o\000t\000i\000f\000y\000c\000o\000n\000n\000e\000c\000t\000i\000o\000n\000c\000l\000o\000s\000e\000d\000\050\000\051}{subsection.6.3.2}% 73
\BOOKMARK [3][-]{subsubsection.6.3.2.6}{\376\377\0006\000.\0003\000.\0002\000.\0006\000\040\000p\000u\000m\000p\000\050\000c\000o\000n\000s\000t\000\040\000u\000n\000s\000i\000g\000n\000e\000d\000\040\000c\000h\000a\000r\000\040\000*\000d\000a\000t\000a\000,\000\040\000i\000n\000t\000\040\000d\000a\000t\000a\000s\000i\000z\000e\000\051}{subsection.6.3.2}% 74
\BOOKMARK [3][-]{subsubsection.6.3.2.7}{\376\377\0006\000.\0003\000.\0002\000.\0007\000\040\000w\000i\000l\000l\000c\000l\000o\000s\000e\000\050\000\051\000\040\000c\000o\000n\000s\000t\000\040}{subsection.6.3.2}% 75
\BOOKMARK [2][-]{subsection.6.3.3}{\376\377\0006\000.\0003\000.\0003\000\040\000F\000r\000i\000e\000n\000d\000s\000\040\000A\000n\000d\000\040\000R\000e\000l\000a\000t\000e\000d\000\040\000F\000u\000n\000c\000t\000i\000o\000n\000\040\000D\000o\000c\000u\000m\000e\000n\000t\000a\000t\000i\000o\000n}{section.6.3}% 76
\BOOKMARK [3][-]{subsubsection.6.3.3.1}{\376\377\0006\000.\0003\000.\0003\000.\0001\000\040\000C\000o\000n\000n\000e\000c\000t\000i\000o\000n}{subsection.6.3.3}% 77
\BOOKMARK [1][-]{section.6.4}{\376\377\0006\000.\0004\000\040\000h\000a\000p\000p\000y\000h\000t\000t\000p\000:\000:\000W\000o\000b\000b\000l\000y\000\040\000C\000l\000a\000s\000s\000\040\000R\000e\000f\000e\000r\000e\000n\000c\000e}{chapter.6}% 78
\BOOKMARK [2][-]{subsection.6.4.1}{\376\377\0006\000.\0004\000.\0001\000\040\000M\000e\000m\000b\000e\000r\000\040\000E\000n\000u\000m\000e\000r\000a\000t\000i\000o\000n\000\040\000D\000o\000c\000u\000m\000e\000n\000t\000a\000t\000i\000o\000n}{section.6.4}% 79
\BOOKMARK [3][-]{subsubsection.6.4.1.1}{\376\377\0006\000.\0004\000.\0001\000.\0001\000\040\000a\000n\000o\000n\000y\000m\000o\000u\000s\000\040\000e\000n\000u\000m}{subsection.6.4.1}% 80
\BOOKMARK [2][-]{subsection.6.4.2}{\376\377\0006\000.\0004\000.\0002\000\040\000C\000o\000n\000s\000t\000r\000u\000c\000t\000o\000r\000\040\000\046\000\040\000D\000e\000s\000t\000r\000u\000c\000t\000o\000r\000\040\000D\000o\000c\000u\000m\000e\000n\000t\000a\000t\000i\000o\000n}{section.6.4}% 81
\BOOKMARK [3][-]{subsubsection.6.4.2.1}{\376\377\0006\000.\0004\000.\0002\000.\0001\000\040\000W\000o\000b\000b\000l\000y\000\050\000c\000o\000n\000s\000t\000\040\000c\000h\000a\000r\000\040\000*\000f\000m\000t\000,\000.\000.\000.\000\051}{subsection.6.4.2}% 82
\BOOKMARK [2][-]{subsection.6.4.3}{\376\377\0006\000.\0004\000.\0003\000\040\000M\000e\000m\000b\000e\000r\000\040\000F\000u\000n\000c\000t\000i\000o\000n\000\040\000D\000o\000c\000u\000m\000e\000n\000t\000a\000t\000i\000o\000n}{section.6.4}% 83
\BOOKMARK [3][-]{subsubsection.6.4.3.1}{\376\377\0006\000.\0004\000.\0003\000.\0001\000\040\000w\000h\000a\000t\000\050\000\051\000\040\000c\000o\000n\000s\000t\000\040}{subsection.6.4.3}% 84
\BOOKMARK [2][-]{subsection.6.4.4}{\376\377\0006\000.\0004\000.\0004\000\040\000M\000e\000m\000b\000e\000r\000\040\000D\000a\000t\000a\000\040\000D\000o\000c\000u\000m\000e\000n\000t\000a\000t\000i\000o\000n}{section.6.4}% 85
\BOOKMARK [3][-]{subsubsection.6.4.4.1}{\376\377\0006\000.\0004\000.\0004\000.\0001\000\040\000m\000M\000e\000s\000s\000a\000g\000e}{subsection.6.4.4}% 86
\BOOKMARK [0][-]{chapter.7}{\376\377\0007\000\040\000F\000i\000l\000e\000\040\000D\000o\000c\000u\000m\000e\000n\000t\000a\000t\000i\000o\000n}{}% 87
\BOOKMARK [1][-]{section.7.1}{\376\377\0007\000.\0001\000\040\000D\000:\000/\000U\000s\000e\000r\000s\000/\000C\000o\000r\000e\000n\000t\000i\000n\000/\000D\000r\000o\000p\000b\000o\000x\000/\0003\000e\000\137\000a\000n\000n\000e\000e\000/\000P\000r\000o\000j\000e\000t\000/\000t\000e\000s\000t\000s\000/\000t\000e\000s\000t\000\137\000d\000l\000l\000/\000d\000l\000l\000/\000b\000a\000s\000e\0006\0004\000.\000c\000p\000p\000\040\000F\000i\000l\000e\000\040\000R\000e\000f\000e\000r\000e\000n\000c\000e}{chapter.7}% 88
\BOOKMARK [2][-]{subsection.7.1.1}{\376\377\0007\000.\0001\000.\0001\000\040\000F\000u\000n\000c\000t\000i\000o\000n\000\040\000D\000o\000c\000u\000m\000e\000n\000t\000a\000t\000i\000o\000n}{section.7.1}% 89
\BOOKMARK [3][-]{subsubsection.7.1.1.1}{\376\377\0007\000.\0001\000.\0001\000.\0001\000\040\000b\000a\000s\000e\0006\0004\000d\000e\000c\000o\000d\000e\000\050\000s\000t\000d\000:\000:\000s\000t\000r\000i\000n\000g\000\040\000c\000o\000n\000s\000t\000\040\000e\000n\000c\000o\000d\000e\000d\000s\000t\000r\000i\000n\000g\000\051}{subsection.7.1.1}% 90
\BOOKMARK [3][-]{subsubsection.7.1.1.2}{\376\377\0007\000.\0001\000.\0001\000.\0002\000\040\000b\000a\000s\000e\0006\0004\000e\000n\000c\000o\000d\000e\000\050\000u\000n\000s\000i\000g\000n\000e\000d\000\040\000c\000h\000a\000r\000\040\000c\000o\000n\000s\000t\000\040\000*\000b\000y\000t\000e\000s\000t\000o\000e\000n\000c\000o\000d\000e\000,\000\040\000u\000n\000s\000i\000g\000n\000e\000d\000\040\000i\000n\000t\000\040\000i\000n\000l\000e\000n\000\051}{subsection.7.1.1}% 91
\BOOKMARK [1][-]{section.7.2}{\376\377\0007\000.\0002\000\040\000D\000:\000/\000U\000s\000e\000r\000s\000/\000C\000o\000r\000e\000n\000t\000i\000n\000/\000D\000r\000o\000p\000b\000o\000x\000/\0003\000e\000\137\000a\000n\000n\000e\000e\000/\000P\000r\000o\000j\000e\000t\000/\000t\000e\000s\000t\000s\000/\000t\000e\000s\000t\000\137\000d\000l\000l\000/\000d\000l\000l\000/\000b\000a\000s\000e\0006\0004\000.\000h\000\040\000F\000i\000l\000e\000\040\000R\000e\000f\000e\000r\000e\000n\000c\000e}{chapter.7}% 92
\BOOKMARK [2][-]{subsection.7.2.1}{\376\377\0007\000.\0002\000.\0001\000\040\000D\000e\000t\000a\000i\000l\000e\000d\000\040\000D\000e\000s\000c\000r\000i\000p\000t\000i\000o\000n}{section.7.2}% 93
\BOOKMARK [2][-]{subsection.7.2.2}{\376\377\0007\000.\0002\000.\0002\000\040\000F\000u\000n\000c\000t\000i\000o\000n\000\040\000D\000o\000c\000u\000m\000e\000n\000t\000a\000t\000i\000o\000n}{section.7.2}% 94
\BOOKMARK [3][-]{subsubsection.7.2.2.1}{\376\377\0007\000.\0002\000.\0002\000.\0001\000\040\000b\000a\000s\000e\0006\0004\000d\000e\000c\000o\000d\000e\000\050\000s\000t\000d\000:\000:\000s\000t\000r\000i\000n\000g\000\040\000c\000o\000n\000s\000t\000\040\000s\000\051}{subsection.7.2.2}% 95
\BOOKMARK [3][-]{subsubsection.7.2.2.2}{\376\377\0007\000.\0002\000.\0002\000.\0002\000\040\000b\000a\000s\000e\0006\0004\000e\000n\000c\000o\000d\000e\000\050\000u\000n\000s\000i\000g\000n\000e\000d\000\040\000c\000h\000a\000r\000\040\000c\000o\000n\000s\000t\000\040\000*\000,\000\040\000u\000n\000s\000i\000g\000n\000e\000d\000\040\000i\000n\000t\000\040\000l\000e\000n\000\051}{subsection.7.2.2}% 96
\BOOKMARK [1][-]{section.7.3}{\376\377\0007\000.\0003\000\040\000D\000:\000/\000U\000s\000e\000r\000s\000/\000C\000o\000r\000e\000n\000t\000i\000n\000/\000D\000r\000o\000p\000b\000o\000x\000/\0003\000e\000\137\000a\000n\000n\000e\000e\000/\000P\000r\000o\000j\000e\000t\000/\000t\000e\000s\000t\000s\000/\000t\000e\000s\000t\000\137\000d\000l\000l\000/\000d\000l\000l\000/\000h\000a\000p\000p\000y\000h\000t\000t\000p\000.\000c\000p\000p\000\040\000F\000i\000l\000e\000\040\000R\000e\000f\000e\000r\000e\000n\000c\000e}{chapter.7}% 97
\BOOKMARK [2][-]{subsection.7.3.1}{\376\377\0007\000.\0003\000.\0001\000\040\000M\000a\000c\000r\000o\000\040\000D\000e\000f\000i\000n\000i\000t\000i\000o\000n\000\040\000D\000o\000c\000u\000m\000e\000n\000t\000a\000t\000i\000o\000n}{section.7.3}% 98
\BOOKMARK [3][-]{subsubsection.7.3.1.1}{\376\377\0007\000.\0003\000.\0001\000.\0001\000\040\000s\000t\000r\000i\000c\000m\000p}{subsection.7.3.1}% 99
\BOOKMARK [1][-]{section.7.4}{\376\377\0007\000.\0004\000\040\000D\000:\000/\000U\000s\000e\000r\000s\000/\000C\000o\000r\000e\000n\000t\000i\000n\000/\000D\000r\000o\000p\000b\000o\000x\000/\0003\000e\000\137\000a\000n\000n\000e\000e\000/\000P\000r\000o\000j\000e\000t\000/\000t\000e\000s\000t\000s\000/\000t\000e\000s\000t\000\137\000d\000l\000l\000/\000d\000l\000l\000/\000h\000a\000p\000p\000y\000h\000t\000t\000p\000.\000h\000\040\000F\000i\000l\000e\000\040\000R\000e\000f\000e\000r\000e\000n\000c\000e}{chapter.7}% 100
\BOOKMARK [2][-]{subsection.7.4.1}{\376\377\0007\000.\0004\000.\0001\000\040\000D\000e\000t\000a\000i\000l\000e\000d\000\040\000D\000e\000s\000c\000r\000i\000p\000t\000i\000o\000n}{section.7.4}% 101
\BOOKMARK [1][-]{section.7.5}{\376\377\0007\000.\0005\000\040\000D\000:\000/\000U\000s\000e\000r\000s\000/\000C\000o\000r\000e\000n\000t\000i\000n\000/\000D\000r\000o\000p\000b\000o\000x\000/\0003\000e\000\137\000a\000n\000n\000e\000e\000/\000P\000r\000o\000j\000e\000t\000/\000t\000e\000s\000t\000s\000/\000t\000e\000s\000t\000\137\000d\000l\000l\000/\000d\000l\000l\000/\000m\000a\000i\000n\000.\000c\000p\000p\000\040\000F\000i\000l\000e\000\040\000R\000e\000f\000e\000r\000e\000n\000c\000e}{chapter.7}% 102
\BOOKMARK [2][-]{subsection.7.5.1}{\376\377\0007\000.\0005\000.\0001\000\040\000F\000u\000n\000c\000t\000i\000o\000n\000\040\000D\000o\000c\000u\000m\000e\000n\000t\000a\000t\000i\000o\000n}{section.7.5}% 103
\BOOKMARK [3][-]{subsubsection.7.5.1.1}{\376\377\0007\000.\0005\000.\0001\000.\0001\000\040\000m\000a\000i\000n\000\050\000i\000n\000t\000\040\000a\000r\000g\000c\000,\000\040\000c\000h\000a\000r\000\040\000*\000a\000r\000g\000v\000[\000]\000\051}{subsection.7.5.1}% 104
\BOOKMARK [1][-]{section.7.6}{\376\377\0007\000.\0006\000\040\000D\000:\000/\000U\000s\000e\000r\000s\000/\000C\000o\000r\000e\000n\000t\000i\000n\000/\000D\000r\000o\000p\000b\000o\000x\000/\0003\000e\000\137\000a\000n\000n\000e\000e\000/\000P\000r\000o\000j\000e\000t\000/\000t\000e\000s\000t\000s\000/\000t\000e\000s\000t\000\137\000d\000l\000l\000/\000d\000l\000l\000/\000m\000a\000i\000n\000.\000h\000\040\000F\000i\000l\000e\000\040\000R\000e\000f\000e\000r\000e\000n\000c\000e}{chapter.7}% 105
\BOOKMARK [2][-]{subsection.7.6.1}{\376\377\0007\000.\0006\000.\0001\000\040\000M\000a\000c\000r\000o\000\040\000D\000e\000f\000i\000n\000i\000t\000i\000o\000n\000\040\000D\000o\000c\000u\000m\000e\000n\000t\000a\000t\000i\000o\000n}{section.7.6}% 106
\BOOKMARK [3][-]{subsubsection.7.6.1.1}{\376\377\0007\000.\0006\000.\0001\000.\0001\000\040\000D\000L\000L\000E\000X\000P\000O\000R\000T}{subsection.7.6.1}% 107
\BOOKMARK [2][-]{subsection.7.6.2}{\376\377\0007\000.\0006\000.\0002\000\040\000F\000u\000n\000c\000t\000i\000o\000n\000\040\000D\000o\000c\000u\000m\000e\000n\000t\000a\000t\000i\000o\000n}{section.7.6}% 108
\BOOKMARK [3][-]{subsubsection.7.6.2.1}{\376\377\0007\000.\0006\000.\0002\000.\0001\000\040\000S\000o\000m\000e\000F\000u\000n\000c\000t\000i\000o\000n\000\050\000c\000o\000n\000s\000t\000\040\000L\000P\000C\000S\000T\000R\000\040\000s\000o\000m\000e\000t\000e\000x\000t\000\051}{subsection.7.6.2}% 109
\BOOKMARK [1][-]{section.7.7}{\376\377\0007\000.\0007\000\040\000D\000:\000/\000U\000s\000e\000r\000s\000/\000C\000o\000r\000e\000n\000t\000i\000n\000/\000D\000r\000o\000p\000b\000o\000x\000/\0003\000e\000\137\000a\000n\000n\000e\000e\000/\000P\000r\000o\000j\000e\000t\000/\000t\000e\000s\000t\000s\000/\000t\000e\000s\000t\000\137\000d\000l\000l\000/\000d\000l\000l\000/\000R\000e\000q\000u\000e\000t\000e\000.\000c\000p\000p\000\040\000F\000i\000l\000e\000\040\000R\000e\000f\000e\000r\000e\000n\000c\000e}{chapter.7}% 110
\BOOKMARK [2][-]{subsection.7.7.1}{\376\377\0007\000.\0007\000.\0001\000\040\000F\000u\000n\000c\000t\000i\000o\000n\000\040\000D\000o\000c\000u\000m\000e\000n\000t\000a\000t\000i\000o\000n}{section.7.7}% 111
\BOOKMARK [3][-]{subsubsection.7.7.1.1}{\376\377\0007\000.\0007\000.\0001\000.\0001\000\040\000O\000n\000B\000e\000g\000i\000n\000\050\000c\000o\000n\000s\000t\000\040\000h\000a\000p\000p\000y\000h\000t\000t\000p\000:\000:\000R\000e\000s\000p\000o\000n\000s\000e\000\040\000*\000r\000,\000\040\000v\000o\000i\000d\000\040\000*\000u\000s\000e\000r\000d\000a\000t\000a\000\051}{subsection.7.7.1}% 112
\BOOKMARK [3][-]{subsubsection.7.7.1.2}{\376\377\0007\000.\0007\000.\0001\000.\0002\000\040\000O\000n\000C\000o\000m\000p\000l\000e\000t\000e\000\050\000c\000o\000n\000s\000t\000\040\000h\000a\000p\000p\000y\000h\000t\000t\000p\000:\000:\000R\000e\000s\000p\000o\000n\000s\000e\000\040\000*\000r\000,\000\040\000v\000o\000i\000d\000\040\000*\000u\000s\000e\000r\000d\000a\000t\000a\000\051}{subsection.7.7.1}% 113
\BOOKMARK [3][-]{subsubsection.7.7.1.3}{\376\377\0007\000.\0007\000.\0001\000.\0003\000\040\000O\000n\000D\000a\000t\000a\000\050\000c\000o\000n\000s\000t\000\040\000h\000a\000p\000p\000y\000h\000t\000t\000p\000:\000:\000R\000e\000s\000p\000o\000n\000s\000e\000\040\000*\000r\000,\000\040\000v\000o\000i\000d\000\040\000*\000u\000s\000e\000r\000d\000a\000t\000a\000,\000\040\000c\000o\000n\000s\000t\000\040\000u\000n\000s\000i\000g\000n\000e\000d\000\040\000c\000h\000a\000r\000\040\000*\000d\000a\000t\000a\000,\000\040\000i\000n\000t\000\040\000n\000\051}{subsection.7.7.1}% 114
\BOOKMARK [2][-]{subsection.7.7.2}{\376\377\0007\000.\0007\000.\0002\000\040\000V\000a\000r\000i\000a\000b\000l\000e\000\040\000D\000o\000c\000u\000m\000e\000n\000t\000a\000t\000i\000o\000n}{section.7.7}% 115
\BOOKMARK [3][-]{subsubsection.7.7.2.1}{\376\377\0007\000.\0007\000.\0002\000.\0001\000\040\000c\000o\000u\000n\000t}{subsection.7.7.2}% 116
\BOOKMARK [1][-]{section.7.8}{\376\377\0007\000.\0008\000\040\000D\000:\000/\000U\000s\000e\000r\000s\000/\000C\000o\000r\000e\000n\000t\000i\000n\000/\000D\000r\000o\000p\000b\000o\000x\000/\0003\000e\000\137\000a\000n\000n\000e\000e\000/\000P\000r\000o\000j\000e\000t\000/\000t\000e\000s\000t\000s\000/\000t\000e\000s\000t\000\137\000d\000l\000l\000/\000d\000l\000l\000/\000R\000e\000q\000u\000e\000t\000e\000.\000h\000\040\000F\000i\000l\000e\000\040\000R\000e\000f\000e\000r\000e\000n\000c\000e}{chapter.7}% 117
\BOOKMARK [2][-]{subsection.7.8.1}{\376\377\0007\000.\0008\000.\0001\000\040\000D\000e\000t\000a\000i\000l\000e\000d\000\040\000D\000e\000s\000c\000r\000i\000p\000t\000i\000o\000n}{section.7.8}% 118
\BOOKMARK [2][-]{subsection.7.8.2}{\376\377\0007\000.\0008\000.\0002\000\040\000M\000a\000c\000r\000o\000\040\000D\000e\000f\000i\000n\000i\000t\000i\000o\000n\000\040\000D\000o\000c\000u\000m\000e\000n\000t\000a\000t\000i\000o\000n}{section.7.8}% 119
\BOOKMARK [3][-]{subsubsection.7.8.2.1}{\376\377\0007\000.\0008\000.\0002\000.\0001\000\040\000R\000E\000Q\000U\000E\000T\000E\000H}{subsection.7.8.2}% 120
\BOOKMARK [1][-]{section.7.9}{\376\377\0007\000.\0009\000\040\000D\000:\000/\000U\000s\000e\000r\000s\000/\000C\000o\000r\000e\000n\000t\000i\000n\000/\000D\000r\000o\000p\000b\000o\000x\000/\0003\000e\000\137\000a\000n\000n\000e\000e\000/\000P\000r\000o\000j\000e\000t\000/\000t\000e\000s\000t\000s\000/\000t\000e\000s\000t\000\137\000d\000l\000l\000/\000d\000l\000l\000/\000R\000e\000q\000u\000e\000t\000e\000H\000t\000t\000p\000.\000c\000p\000p\000\040\000F\000i\000l\000e\000\040\000R\000e\000f\000e\000r\000e\000n\000c\000e}{chapter.7}% 121
\BOOKMARK [2][-]{subsection.7.9.1}{\376\377\0007\000.\0009\000.\0001\000\040\000M\000a\000c\000r\000o\000\040\000D\000e\000f\000i\000n\000i\000t\000i\000o\000n\000\040\000D\000o\000c\000u\000m\000e\000n\000t\000a\000t\000i\000o\000n}{section.7.9}% 122
\BOOKMARK [3][-]{subsubsection.7.9.1.1}{\376\377\0007\000.\0009\000.\0001\000.\0001\000\040\000D\000l\000l\000E\000x\000p\000o\000r\000t}{subsection.7.9.1}% 123
\BOOKMARK [2][-]{subsection.7.9.2}{\376\377\0007\000.\0009\000.\0002\000\040\000F\000u\000n\000c\000t\000i\000o\000n\000\040\000D\000o\000c\000u\000m\000e\000n\000t\000a\000t\000i\000o\000n}{section.7.9}% 124
\BOOKMARK [3][-]{subsubsection.7.9.2.1}{\376\377\0007\000.\0009\000.\0002\000.\0001\000\040\000r\000e\000q\000u\000e\000t\000e\000H\000t\000t\000p\000F\000i\000b\000a\000r\000o\000\050\000c\000h\000a\000r\000\040\000*\000s\0001\000,\000\040\000c\000h\000a\000r\000\040\000*\000s\0002\000,\000\040\000c\000h\000a\000r\000\040\000*\000u\000s\000e\000r\000,\000\040\000c\000h\000a\000r\000\040\000*\000p\000a\000s\000s\000\051}{subsection.7.9.2}% 125
\BOOKMARK [3][-]{subsubsection.7.9.2.2}{\376\377\0007\000.\0009\000.\0002\000.\0002\000\040\000r\000e\000q\000u\000e\000t\000e\000H\000t\000t\000p\000K\000i\000r\000a\000\050\000c\000h\000a\000r\000\040\000*\000s\0001\000,\000\040\000c\000h\000a\000r\000\040\000*\000s\0002\000\051}{subsection.7.9.2}% 126
\BOOKMARK [1][-]{section.7.10}{\376\377\0007\000.\0001\0000\000\040\000D\000:\000/\000U\000s\000e\000r\000s\000/\000C\000o\000r\000e\000n\000t\000i\000n\000/\000D\000r\000o\000p\000b\000o\000x\000/\0003\000e\000\137\000a\000n\000n\000e\000e\000/\000P\000r\000o\000j\000e\000t\000/\000t\000e\000s\000t\000s\000/\000t\000e\000s\000t\000\137\000d\000l\000l\000/\000d\000l\000l\000/\000R\000e\000q\000u\000e\000t\000e\000H\000t\000t\000p\000.\000h\000\040\000F\000i\000l\000e\000\040\000R\000e\000f\000e\000r\000e\000n\000c\000e}{chapter.7}% 127
\BOOKMARK [2][-]{subsection.7.10.1}{\376\377\0007\000.\0001\0000\000.\0001\000\040\000D\000e\000t\000a\000i\000l\000e\000d\000\040\000D\000e\000s\000c\000r\000i\000p\000t\000i\000o\000n}{section.7.10}% 128
\BOOKMARK [2][-]{subsection.7.10.2}{\376\377\0007\000.\0001\0000\000.\0002\000\040\000M\000a\000c\000r\000o\000\040\000D\000e\000f\000i\000n\000i\000t\000i\000o\000n\000\040\000D\000o\000c\000u\000m\000e\000n\000t\000a\000t\000i\000o\000n}{section.7.10}% 129
\BOOKMARK [3][-]{subsubsection.7.10.2.1}{\376\377\0007\000.\0001\0000\000.\0002\000.\0001\000\040\000D\000l\000l\000I\000m\000p\000o\000r\000t}{subsection.7.10.2}% 130
\BOOKMARK [2][-]{subsection.7.10.3}{\376\377\0007\000.\0001\0000\000.\0003\000\040\000F\000u\000n\000c\000t\000i\000o\000n\000\040\000D\000o\000c\000u\000m\000e\000n\000t\000a\000t\000i\000o\000n}{section.7.10}% 131
\BOOKMARK [3][-]{subsubsection.7.10.3.1}{\376\377\0007\000.\0001\0000\000.\0003\000.\0001\000\040\000r\000e\000q\000u\000e\000t\000e\000H\000t\000t\000p\000F\000i\000b\000a\000r\000o\000\050\000c\000h\000a\000r\000\040\000*\000s\0001\000,\000\040\000c\000h\000a\000r\000\040\000*\000s\0002\000,\000\040\000c\000h\000a\000r\000\040\000*\000u\000s\000e\000r\000,\000\040\000c\000h\000a\000r\000\040\000*\000p\000a\000s\000s\000\051}{subsection.7.10.3}% 132
\BOOKMARK [3][-]{subsubsection.7.10.3.2}{\376\377\0007\000.\0001\0000\000.\0003\000.\0002\000\040\000r\000e\000q\000u\000e\000t\000e\000H\000t\000t\000p\000K\000i\000r\000a\000\050\000c\000h\000a\000r\000\040\000*\000s\0001\000,\000\040\000c\000h\000a\000r\000\040\000*\000s\0002\000\051}{subsection.7.10.3}% 133
\BOOKMARK [0][-]{section*.37}{\376\377\000I\000n\000d\000e\000x}{}% 134
